2021-04-14 00:44:58 Error: Fatal Error (1): Maximum execution time of 120 seconds exceeded in [C:\xampp\htdocs\my_app_name\vendor\cakephp\cakephp\src\Core\Retry\CommandRetry.php, line 70]
Request URL: /
Trace:
Cake\Error\BaseErrorHandler::handleFatalError() - CORE\src\Error\BaseErrorHandler.php, line 258
Cake\Error\BaseErrorHandler::Cake\Error\{closure}() - CORE\src\Error\BaseErrorHandler.php, line 122
[main] - [internal], line ??

2021-04-14 00:48:53 Error: Fatal Error (1): Maximum execution time of 120 seconds exceeded in [C:\xampp\htdocs\my_app_name\vendor\cakephp\cakephp\src\Core\Retry\CommandRetry.php, line 70]
Request URL: /
Trace:
Cake\Error\BaseErrorHandler::handleFatalError() - CORE\src\Error\BaseErrorHandler.php, line 258
Cake\Error\BaseErrorHandler::Cake\Error\{closure}() - CORE\src\Error\BaseErrorHandler.php, line 122
[main] - [internal], line ??

2021-04-14 00:48:55 Error: Fatal Error (1): Maximum execution time of 120 seconds exceeded in [C:\xampp\htdocs\my_app_name\vendor\cakephp\cakephp\src\Core\Retry\CommandRetry.php, line 70]
Request URL: /
Trace:
Cake\Error\BaseErrorHandler::handleFatalError() - CORE\src\Error\BaseErrorHandler.php, line 258
Cake\Error\BaseErrorHandler::Cake\Error\{closure}() - CORE\src\Error\BaseErrorHandler.php, line 122
[main] - [internal], line ??

2021-04-14 00:50:09 Error: Fatal Error (1): Maximum execution time of 120 seconds exceeded in [C:\xampp\htdocs\my_app_name\vendor\cakephp\cakephp\src\Core\Retry\CommandRetry.php, line 70]
Request URL: /
Trace:
Cake\Error\BaseErrorHandler::handleFatalError() - CORE\src\Error\BaseErrorHandler.php, line 258
Cake\Error\BaseErrorHandler::Cake\Error\{closure}() - CORE\src\Error\BaseErrorHandler.php, line 122
[main] - [internal], line ??

2021-04-14 00:50:15 Error: Fatal Error (1): Maximum execution time of 120 seconds exceeded in [C:\xampp\htdocs\my_app_name\vendor\cakephp\cakephp\src\Core\Retry\CommandRetry.php, line 70]
Request URL: /
Trace:
Cake\Error\BaseErrorHandler::handleFatalError() - CORE\src\Error\BaseErrorHandler.php, line 258
Cake\Error\BaseErrorHandler::Cake\Error\{closure}() - CORE\src\Error\BaseErrorHandler.php, line 122
[main] - [internal], line ??

2021-04-14 00:50:30 Error: Fatal Error (1): Maximum execution time of 120 seconds exceeded in [C:\xampp\htdocs\my_app_name\vendor\cakephp\cakephp\src\Core\Retry\CommandRetry.php, line 70]
Request URL: /
Trace:
Cake\Error\BaseErrorHandler::handleFatalError() - CORE\src\Error\BaseErrorHandler.php, line 258
Cake\Error\BaseErrorHandler::Cake\Error\{closure}() - CORE\src\Error\BaseErrorHandler.php, line 122
[main] - [internal], line ??

2021-04-14 03:48:40 Error: [Error] Class "App\Controller" not found in C:\xampp\htdocs\my_app_name\src\Controller\ArticlesController.php on line 3
Stack Trace:
- C:\xampp\htdocs\my_app_name\vendor\composer\ClassLoader.php:478
- C:\xampp\htdocs\my_app_name\vendor\composer\ClassLoader.php:346
- class_exists - [internal], line ??- C:\xampp\htdocs\my_app_name\vendor\cakephp\cakephp\src\Core\App.php:159
- C:\xampp\htdocs\my_app_name\vendor\cakephp\cakephp\src\Core\App.php:67
- C:\xampp\htdocs\my_app_name\vendor\cakephp\cakephp\src\Controller\ControllerFactory.php:217
- C:\xampp\htdocs\my_app_name\vendor\cakephp\cakephp\src\Controller\ControllerFactory.php:63
- C:\xampp\htdocs\my_app_name\vendor\cakephp\cakephp\src\Http\BaseApplication.php:311
- C:\xampp\htdocs\my_app_name\vendor\cakephp\cakephp\src\Http\Runner.php:77
- C:\xampp\htdocs\my_app_name\vendor\cakephp\cakephp\src\Http\Middleware\CsrfProtectionMiddleware.php:169
- C:\xampp\htdocs\my_app_name\vendor\cakephp\cakephp\src\Http\Runner.php:73
- C:\xampp\htdocs\my_app_name\vendor\cakephp\cakephp\src\Http\Middleware\BodyParserMiddleware.php:159
- C:\xampp\htdocs\my_app_name\vendor\cakephp\cakephp\src\Http\Runner.php:73
- C:\xampp\htdocs\my_app_name\vendor\cakephp\cakephp\src\Routing\Middleware\RoutingMiddleware.php:161
- C:\xampp\htdocs\my_app_name\vendor\cakephp\cakephp\src\Http\Runner.php:73
- C:\xampp\htdocs\my_app_name\vendor\cakephp\cakephp\src\Routing\Middleware\AssetMiddleware.php:68
- C:\xampp\htdocs\my_app_name\vendor\cakephp\cakephp\src\Http\Runner.php:73
- C:\xampp\htdocs\my_app_name\vendor\cakephp\cakephp\src\Error\Middleware\ErrorHandlerMiddleware.php:126
- C:\xampp\htdocs\my_app_name\vendor\cakephp\cakephp\src\Http\Runner.php:73
- C:\xampp\htdocs\my_app_name\vendor\cakephp\debug_kit\src\Middleware\DebugKitMiddleware.php:60
- C:\xampp\htdocs\my_app_name\vendor\cakephp\cakephp\src\Http\Runner.php:73
- C:\xampp\htdocs\my_app_name\vendor\cakephp\cakephp\src\Http\Runner.php:58
- C:\xampp\htdocs\my_app_name\vendor\cakephp\cakephp\src\Http\Server.php:90
- C:\xampp\htdocs\my_app_name\webroot\index.php:40

Request URL: /articles/index


2021-04-14 03:49:31 Error: [ParseError] syntax error, unexpected variable "$this" in C:\xampp\htdocs\my_app_name\src\Controller\ArticlesController.php on line 6
Stack Trace:
- C:\xampp\htdocs\my_app_name\vendor\composer\ClassLoader.php:346
- class_exists - [internal], line ??- C:\xampp\htdocs\my_app_name\vendor\cakephp\cakephp\src\Core\App.php:159
- C:\xampp\htdocs\my_app_name\vendor\cakephp\cakephp\src\Core\App.php:67
- C:\xampp\htdocs\my_app_name\vendor\cakephp\cakephp\src\Controller\ControllerFactory.php:217
- C:\xampp\htdocs\my_app_name\vendor\cakephp\cakephp\src\Controller\ControllerFactory.php:63
- C:\xampp\htdocs\my_app_name\vendor\cakephp\cakephp\src\Http\BaseApplication.php:311
- C:\xampp\htdocs\my_app_name\vendor\cakephp\cakephp\src\Http\Runner.php:77
- C:\xampp\htdocs\my_app_name\vendor\cakephp\cakephp\src\Http\Middleware\CsrfProtectionMiddleware.php:169
- C:\xampp\htdocs\my_app_name\vendor\cakephp\cakephp\src\Http\Runner.php:73
- C:\xampp\htdocs\my_app_name\vendor\cakephp\cakephp\src\Http\Middleware\BodyParserMiddleware.php:159
- C:\xampp\htdocs\my_app_name\vendor\cakephp\cakephp\src\Http\Runner.php:73
- C:\xampp\htdocs\my_app_name\vendor\cakephp\cakephp\src\Routing\Middleware\RoutingMiddleware.php:161
- C:\xampp\htdocs\my_app_name\vendor\cakephp\cakephp\src\Http\Runner.php:73
- C:\xampp\htdocs\my_app_name\vendor\cakephp\cakephp\src\Routing\Middleware\AssetMiddleware.php:68
- C:\xampp\htdocs\my_app_name\vendor\cakephp\cakephp\src\Http\Runner.php:73
- C:\xampp\htdocs\my_app_name\vendor\cakephp\cakephp\src\Error\Middleware\ErrorHandlerMiddleware.php:126
- C:\xampp\htdocs\my_app_name\vendor\cakephp\cakephp\src\Http\Runner.php:73
- C:\xampp\htdocs\my_app_name\vendor\cakephp\debug_kit\src\Middleware\DebugKitMiddleware.php:60
- C:\xampp\htdocs\my_app_name\vendor\cakephp\cakephp\src\Http\Runner.php:73
- C:\xampp\htdocs\my_app_name\vendor\cakephp\cakephp\src\Http\Runner.php:58
- C:\xampp\htdocs\my_app_name\vendor\cakephp\cakephp\src\Http\Server.php:90
- C:\xampp\htdocs\my_app_name\webroot\index.php:40

Request URL: /articles/index


2021-04-14 03:49:50 Error: [Error] Class "App\Controller" not found in C:\xampp\htdocs\my_app_name\src\Controller\ArticlesController.php on line 3
Stack Trace:
- C:\xampp\htdocs\my_app_name\vendor\composer\ClassLoader.php:478
- C:\xampp\htdocs\my_app_name\vendor\composer\ClassLoader.php:346
- class_exists - [internal], line ??- C:\xampp\htdocs\my_app_name\vendor\cakephp\cakephp\src\Core\App.php:159
- C:\xampp\htdocs\my_app_name\vendor\cakephp\cakephp\src\Core\App.php:67
- C:\xampp\htdocs\my_app_name\vendor\cakephp\cakephp\src\Controller\ControllerFactory.php:217
- C:\xampp\htdocs\my_app_name\vendor\cakephp\cakephp\src\Controller\ControllerFactory.php:63
- C:\xampp\htdocs\my_app_name\vendor\cakephp\cakephp\src\Http\BaseApplication.php:311
- C:\xampp\htdocs\my_app_name\vendor\cakephp\cakephp\src\Http\Runner.php:77
- C:\xampp\htdocs\my_app_name\vendor\cakephp\cakephp\src\Http\Middleware\CsrfProtectionMiddleware.php:169
- C:\xampp\htdocs\my_app_name\vendor\cakephp\cakephp\src\Http\Runner.php:73
- C:\xampp\htdocs\my_app_name\vendor\cakephp\cakephp\src\Http\Middleware\BodyParserMiddleware.php:159
- C:\xampp\htdocs\my_app_name\vendor\cakephp\cakephp\src\Http\Runner.php:73
- C:\xampp\htdocs\my_app_name\vendor\cakephp\cakephp\src\Routing\Middleware\RoutingMiddleware.php:161
- C:\xampp\htdocs\my_app_name\vendor\cakephp\cakephp\src\Http\Runner.php:73
- C:\xampp\htdocs\my_app_name\vendor\cakephp\cakephp\src\Routing\Middleware\AssetMiddleware.php:68
- C:\xampp\htdocs\my_app_name\vendor\cakephp\cakephp\src\Http\Runner.php:73
- C:\xampp\htdocs\my_app_name\vendor\cakephp\cakephp\src\Error\Middleware\ErrorHandlerMiddleware.php:126
- C:\xampp\htdocs\my_app_name\vendor\cakephp\cakephp\src\Http\Runner.php:73
- C:\xampp\htdocs\my_app_name\vendor\cakephp\debug_kit\src\Middleware\DebugKitMiddleware.php:60
- C:\xampp\htdocs\my_app_name\vendor\cakephp\cakephp\src\Http\Runner.php:73
- C:\xampp\htdocs\my_app_name\vendor\cakephp\cakephp\src\Http\Runner.php:58
- C:\xampp\htdocs\my_app_name\vendor\cakephp\cakephp\src\Http\Server.php:90
- C:\xampp\htdocs\my_app_name\webroot\index.php:40

Request URL: /articles/index


2021-04-14 03:51:25 Error: [ParseError] syntax error, unexpected token "/", expecting "{" in C:\xampp\htdocs\my_app_name\src\Controller\ArticlesController.php on line 3
Stack Trace:
- C:\xampp\htdocs\my_app_name\vendor\composer\ClassLoader.php:346
- class_exists - [internal], line ??- C:\xampp\htdocs\my_app_name\vendor\cakephp\cakephp\src\Core\App.php:159
- C:\xampp\htdocs\my_app_name\vendor\cakephp\cakephp\src\Core\App.php:67
- C:\xampp\htdocs\my_app_name\vendor\cakephp\cakephp\src\Controller\ControllerFactory.php:217
- C:\xampp\htdocs\my_app_name\vendor\cakephp\cakephp\src\Controller\ControllerFactory.php:63
- C:\xampp\htdocs\my_app_name\vendor\cakephp\cakephp\src\Http\BaseApplication.php:311
- C:\xampp\htdocs\my_app_name\vendor\cakephp\cakephp\src\Http\Runner.php:77
- C:\xampp\htdocs\my_app_name\vendor\cakephp\cakephp\src\Http\Middleware\CsrfProtectionMiddleware.php:169
- C:\xampp\htdocs\my_app_name\vendor\cakephp\cakephp\src\Http\Runner.php:73
- C:\xampp\htdocs\my_app_name\vendor\cakephp\cakephp\src\Http\Middleware\BodyParserMiddleware.php:159
- C:\xampp\htdocs\my_app_name\vendor\cakephp\cakephp\src\Http\Runner.php:73
- C:\xampp\htdocs\my_app_name\vendor\cakephp\cakephp\src\Routing\Middleware\RoutingMiddleware.php:161
- C:\xampp\htdocs\my_app_name\vendor\cakephp\cakephp\src\Http\Runner.php:73
- C:\xampp\htdocs\my_app_name\vendor\cakephp\cakephp\src\Routing\Middleware\AssetMiddleware.php:68
- C:\xampp\htdocs\my_app_name\vendor\cakephp\cakephp\src\Http\Runner.php:73
- C:\xampp\htdocs\my_app_name\vendor\cakephp\cakephp\src\Error\Middleware\ErrorHandlerMiddleware.php:126
- C:\xampp\htdocs\my_app_name\vendor\cakephp\cakephp\src\Http\Runner.php:73
- C:\xampp\htdocs\my_app_name\vendor\cakephp\debug_kit\src\Middleware\DebugKitMiddleware.php:60
- C:\xampp\htdocs\my_app_name\vendor\cakephp\cakephp\src\Http\Runner.php:73
- C:\xampp\htdocs\my_app_name\vendor\cakephp\cakephp\src\Http\Runner.php:58
- C:\xampp\htdocs\my_app_name\vendor\cakephp\cakephp\src\Http\Server.php:90
- C:\xampp\htdocs\my_app_name\webroot\index.php:40

Request URL: /articles/index


2021-04-14 03:51:35 Error: [Error] Class "App\Controller" not found in C:\xampp\htdocs\my_app_name\src\Controller\ArticlesController.php on line 3
Stack Trace:
- C:\xampp\htdocs\my_app_name\vendor\composer\ClassLoader.php:478
- C:\xampp\htdocs\my_app_name\vendor\composer\ClassLoader.php:346
- class_exists - [internal], line ??- C:\xampp\htdocs\my_app_name\vendor\cakephp\cakephp\src\Core\App.php:159
- C:\xampp\htdocs\my_app_name\vendor\cakephp\cakephp\src\Core\App.php:67
- C:\xampp\htdocs\my_app_name\vendor\cakephp\cakephp\src\Controller\ControllerFactory.php:217
- C:\xampp\htdocs\my_app_name\vendor\cakephp\cakephp\src\Controller\ControllerFactory.php:63
- C:\xampp\htdocs\my_app_name\vendor\cakephp\cakephp\src\Http\BaseApplication.php:311
- C:\xampp\htdocs\my_app_name\vendor\cakephp\cakephp\src\Http\Runner.php:77
- C:\xampp\htdocs\my_app_name\vendor\cakephp\cakephp\src\Http\Middleware\CsrfProtectionMiddleware.php:169
- C:\xampp\htdocs\my_app_name\vendor\cakephp\cakephp\src\Http\Runner.php:73
- C:\xampp\htdocs\my_app_name\vendor\cakephp\cakephp\src\Http\Middleware\BodyParserMiddleware.php:159
- C:\xampp\htdocs\my_app_name\vendor\cakephp\cakephp\src\Http\Runner.php:73
- C:\xampp\htdocs\my_app_name\vendor\cakephp\cakephp\src\Routing\Middleware\RoutingMiddleware.php:161
- C:\xampp\htdocs\my_app_name\vendor\cakephp\cakephp\src\Http\Runner.php:73
- C:\xampp\htdocs\my_app_name\vendor\cakephp\cakephp\src\Routing\Middleware\AssetMiddleware.php:68
- C:\xampp\htdocs\my_app_name\vendor\cakephp\cakephp\src\Http\Runner.php:73
- C:\xampp\htdocs\my_app_name\vendor\cakephp\cakephp\src\Error\Middleware\ErrorHandlerMiddleware.php:126
- C:\xampp\htdocs\my_app_name\vendor\cakephp\cakephp\src\Http\Runner.php:73
- C:\xampp\htdocs\my_app_name\vendor\cakephp\debug_kit\src\Middleware\DebugKitMiddleware.php:60
- C:\xampp\htdocs\my_app_name\vendor\cakephp\cakephp\src\Http\Runner.php:73
- C:\xampp\htdocs\my_app_name\vendor\cakephp\cakephp\src\Http\Runner.php:58
- C:\xampp\htdocs\my_app_name\vendor\cakephp\cakephp\src\Http\Server.php:90
- C:\xampp\htdocs\my_app_name\webroot\index.php:40

Request URL: /articles/index


2021-04-14 03:52:36 Error: [Error] Class "App\Controller" not found in C:\xampp\htdocs\my_app_name\src\Controller\ArticlesController.php on line 3
Stack Trace:
- C:\xampp\htdocs\my_app_name\vendor\composer\ClassLoader.php:478
- C:\xampp\htdocs\my_app_name\vendor\composer\ClassLoader.php:346
- class_exists - [internal], line ??- C:\xampp\htdocs\my_app_name\vendor\cakephp\cakephp\src\Core\App.php:159
- C:\xampp\htdocs\my_app_name\vendor\cakephp\cakephp\src\Core\App.php:67
- C:\xampp\htdocs\my_app_name\vendor\cakephp\cakephp\src\Controller\ControllerFactory.php:217
- C:\xampp\htdocs\my_app_name\vendor\cakephp\cakephp\src\Controller\ControllerFactory.php:63
- C:\xampp\htdocs\my_app_name\vendor\cakephp\cakephp\src\Http\BaseApplication.php:311
- C:\xampp\htdocs\my_app_name\vendor\cakephp\cakephp\src\Http\Runner.php:77
- C:\xampp\htdocs\my_app_name\vendor\cakephp\cakephp\src\Http\Middleware\CsrfProtectionMiddleware.php:169
- C:\xampp\htdocs\my_app_name\vendor\cakephp\cakephp\src\Http\Runner.php:73
- C:\xampp\htdocs\my_app_name\vendor\cakephp\cakephp\src\Http\Middleware\BodyParserMiddleware.php:159
- C:\xampp\htdocs\my_app_name\vendor\cakephp\cakephp\src\Http\Runner.php:73
- C:\xampp\htdocs\my_app_name\vendor\cakephp\cakephp\src\Routing\Middleware\RoutingMiddleware.php:161
- C:\xampp\htdocs\my_app_name\vendor\cakephp\cakephp\src\Http\Runner.php:73
- C:\xampp\htdocs\my_app_name\vendor\cakephp\cakephp\src\Routing\Middleware\AssetMiddleware.php:68
- C:\xampp\htdocs\my_app_name\vendor\cakephp\cakephp\src\Http\Runner.php:73
- C:\xampp\htdocs\my_app_name\vendor\cakephp\cakephp\src\Error\Middleware\ErrorHandlerMiddleware.php:126
- C:\xampp\htdocs\my_app_name\vendor\cakephp\cakephp\src\Http\Runner.php:73
- C:\xampp\htdocs\my_app_name\vendor\cakephp\debug_kit\src\Middleware\DebugKitMiddleware.php:60
- C:\xampp\htdocs\my_app_name\vendor\cakephp\cakephp\src\Http\Runner.php:73
- C:\xampp\htdocs\my_app_name\vendor\cakephp\cakephp\src\Http\Runner.php:58
- C:\xampp\htdocs\my_app_name\vendor\cakephp\cakephp\src\Http\Server.php:90
- C:\xampp\htdocs\my_app_name\webroot\index.php:40

Request URL: /articles/index


2021-04-14 03:54:20 Error: [Error] Class "AppController" not found in C:\xampp\htdocs\my_app_name\src\Controller\ArticlesController.php on line 3
Stack Trace:
- C:\xampp\htdocs\my_app_name\vendor\composer\ClassLoader.php:478
- C:\xampp\htdocs\my_app_name\vendor\composer\ClassLoader.php:346
- class_exists - [internal], line ??- C:\xampp\htdocs\my_app_name\vendor\cakephp\cakephp\src\Core\App.php:159
- C:\xampp\htdocs\my_app_name\vendor\cakephp\cakephp\src\Core\App.php:67
- C:\xampp\htdocs\my_app_name\vendor\cakephp\cakephp\src\Controller\ControllerFactory.php:217
- C:\xampp\htdocs\my_app_name\vendor\cakephp\cakephp\src\Controller\ControllerFactory.php:63
- C:\xampp\htdocs\my_app_name\vendor\cakephp\cakephp\src\Http\BaseApplication.php:311
- C:\xampp\htdocs\my_app_name\vendor\cakephp\cakephp\src\Http\Runner.php:77
- C:\xampp\htdocs\my_app_name\vendor\cakephp\cakephp\src\Http\Middleware\CsrfProtectionMiddleware.php:169
- C:\xampp\htdocs\my_app_name\vendor\cakephp\cakephp\src\Http\Runner.php:73
- C:\xampp\htdocs\my_app_name\vendor\cakephp\cakephp\src\Http\Middleware\BodyParserMiddleware.php:159
- C:\xampp\htdocs\my_app_name\vendor\cakephp\cakephp\src\Http\Runner.php:73
- C:\xampp\htdocs\my_app_name\vendor\cakephp\cakephp\src\Routing\Middleware\RoutingMiddleware.php:161
- C:\xampp\htdocs\my_app_name\vendor\cakephp\cakephp\src\Http\Runner.php:73
- C:\xampp\htdocs\my_app_name\vendor\cakephp\cakephp\src\Routing\Middleware\AssetMiddleware.php:68
- C:\xampp\htdocs\my_app_name\vendor\cakephp\cakephp\src\Http\Runner.php:73
- C:\xampp\htdocs\my_app_name\vendor\cakephp\cakephp\src\Error\Middleware\ErrorHandlerMiddleware.php:126
- C:\xampp\htdocs\my_app_name\vendor\cakephp\cakephp\src\Http\Runner.php:73
- C:\xampp\htdocs\my_app_name\vendor\cakephp\debug_kit\src\Middleware\DebugKitMiddleware.php:60
- C:\xampp\htdocs\my_app_name\vendor\cakephp\cakephp\src\Http\Runner.php:73
- C:\xampp\htdocs\my_app_name\vendor\cakephp\cakephp\src\Http\Runner.php:58
- C:\xampp\htdocs\my_app_name\vendor\cakephp\cakephp\src\Http\Server.php:90
- C:\xampp\htdocs\my_app_name\webroot\index.php:40

Request URL: /articles/index


2021-04-14 03:55:07 Error: [Error] Class "AppController" not found in C:\xampp\htdocs\my_app_name\src\Controller\ArticlesController.php on line 3
Stack Trace:
- C:\xampp\htdocs\my_app_name\vendor\composer\ClassLoader.php:478
- C:\xampp\htdocs\my_app_name\vendor\composer\ClassLoader.php:346
- class_exists - [internal], line ??- C:\xampp\htdocs\my_app_name\vendor\cakephp\cakephp\src\Core\App.php:159
- C:\xampp\htdocs\my_app_name\vendor\cakephp\cakephp\src\Core\App.php:67
- C:\xampp\htdocs\my_app_name\vendor\cakephp\cakephp\src\Controller\ControllerFactory.php:217
- C:\xampp\htdocs\my_app_name\vendor\cakephp\cakephp\src\Controller\ControllerFactory.php:63
- C:\xampp\htdocs\my_app_name\vendor\cakephp\cakephp\src\Http\BaseApplication.php:311
- C:\xampp\htdocs\my_app_name\vendor\cakephp\cakephp\src\Http\Runner.php:77
- C:\xampp\htdocs\my_app_name\vendor\cakephp\cakephp\src\Http\Middleware\CsrfProtectionMiddleware.php:169
- C:\xampp\htdocs\my_app_name\vendor\cakephp\cakephp\src\Http\Runner.php:73
- C:\xampp\htdocs\my_app_name\vendor\cakephp\cakephp\src\Http\Middleware\BodyParserMiddleware.php:159
- C:\xampp\htdocs\my_app_name\vendor\cakephp\cakephp\src\Http\Runner.php:73
- C:\xampp\htdocs\my_app_name\vendor\cakephp\cakephp\src\Routing\Middleware\RoutingMiddleware.php:161
- C:\xampp\htdocs\my_app_name\vendor\cakephp\cakephp\src\Http\Runner.php:73
- C:\xampp\htdocs\my_app_name\vendor\cakephp\cakephp\src\Routing\Middleware\AssetMiddleware.php:68
- C:\xampp\htdocs\my_app_name\vendor\cakephp\cakephp\src\Http\Runner.php:73
- C:\xampp\htdocs\my_app_name\vendor\cakephp\cakephp\src\Error\Middleware\ErrorHandlerMiddleware.php:126
- C:\xampp\htdocs\my_app_name\vendor\cakephp\cakephp\src\Http\Runner.php:73
- C:\xampp\htdocs\my_app_name\vendor\cakephp\debug_kit\src\Middleware\DebugKitMiddleware.php:60
- C:\xampp\htdocs\my_app_name\vendor\cakephp\cakephp\src\Http\Runner.php:73
- C:\xampp\htdocs\my_app_name\vendor\cakephp\cakephp\src\Http\Runner.php:58
- C:\xampp\htdocs\my_app_name\vendor\cakephp\cakephp\src\Http\Server.php:90
- C:\xampp\htdocs\my_app_name\webroot\index.php:40

Request URL: /articles/index


2021-04-14 03:55:26 Error: [ParseError] syntax error, unexpected token ".", expecting "{" in C:\xampp\htdocs\my_app_name\src\Controller\ArticlesController.php on line 3
Stack Trace:
- C:\xampp\htdocs\my_app_name\vendor\composer\ClassLoader.php:346
- class_exists - [internal], line ??- C:\xampp\htdocs\my_app_name\vendor\cakephp\cakephp\src\Core\App.php:159
- C:\xampp\htdocs\my_app_name\vendor\cakephp\cakephp\src\Core\App.php:67
- C:\xampp\htdocs\my_app_name\vendor\cakephp\cakephp\src\Controller\ControllerFactory.php:217
- C:\xampp\htdocs\my_app_name\vendor\cakephp\cakephp\src\Controller\ControllerFactory.php:63
- C:\xampp\htdocs\my_app_name\vendor\cakephp\cakephp\src\Http\BaseApplication.php:311
- C:\xampp\htdocs\my_app_name\vendor\cakephp\cakephp\src\Http\Runner.php:77
- C:\xampp\htdocs\my_app_name\vendor\cakephp\cakephp\src\Http\Middleware\CsrfProtectionMiddleware.php:169
- C:\xampp\htdocs\my_app_name\vendor\cakephp\cakephp\src\Http\Runner.php:73
- C:\xampp\htdocs\my_app_name\vendor\cakephp\cakephp\src\Http\Middleware\BodyParserMiddleware.php:159
- C:\xampp\htdocs\my_app_name\vendor\cakephp\cakephp\src\Http\Runner.php:73
- C:\xampp\htdocs\my_app_name\vendor\cakephp\cakephp\src\Routing\Middleware\RoutingMiddleware.php:161
- C:\xampp\htdocs\my_app_name\vendor\cakephp\cakephp\src\Http\Runner.php:73
- C:\xampp\htdocs\my_app_name\vendor\cakephp\cakephp\src\Routing\Middleware\AssetMiddleware.php:68
- C:\xampp\htdocs\my_app_name\vendor\cakephp\cakephp\src\Http\Runner.php:73
- C:\xampp\htdocs\my_app_name\vendor\cakephp\cakephp\src\Error\Middleware\ErrorHandlerMiddleware.php:126
- C:\xampp\htdocs\my_app_name\vendor\cakephp\cakephp\src\Http\Runner.php:73
- C:\xampp\htdocs\my_app_name\vendor\cakephp\debug_kit\src\Middleware\DebugKitMiddleware.php:60
- C:\xampp\htdocs\my_app_name\vendor\cakephp\cakephp\src\Http\Runner.php:73
- C:\xampp\htdocs\my_app_name\vendor\cakephp\cakephp\src\Http\Runner.php:58
- C:\xampp\htdocs\my_app_name\vendor\cakephp\cakephp\src\Http\Server.php:90
- C:\xampp\htdocs\my_app_name\webroot\index.php:40

Request URL: /articles/index


2021-04-14 03:55:55 Error: [Error] Class "AppController" not found in C:\xampp\htdocs\my_app_name\src\Controller\ArticlesController.php on line 3
Stack Trace:
- C:\xampp\htdocs\my_app_name\vendor\composer\ClassLoader.php:478
- C:\xampp\htdocs\my_app_name\vendor\composer\ClassLoader.php:346
- class_exists - [internal], line ??- C:\xampp\htdocs\my_app_name\vendor\cakephp\cakephp\src\Core\App.php:159
- C:\xampp\htdocs\my_app_name\vendor\cakephp\cakephp\src\Core\App.php:67
- C:\xampp\htdocs\my_app_name\vendor\cakephp\cakephp\src\Controller\ControllerFactory.php:217
- C:\xampp\htdocs\my_app_name\vendor\cakephp\cakephp\src\Controller\ControllerFactory.php:63
- C:\xampp\htdocs\my_app_name\vendor\cakephp\cakephp\src\Http\BaseApplication.php:311
- C:\xampp\htdocs\my_app_name\vendor\cakephp\cakephp\src\Http\Runner.php:77
- C:\xampp\htdocs\my_app_name\vendor\cakephp\cakephp\src\Http\Middleware\CsrfProtectionMiddleware.php:169
- C:\xampp\htdocs\my_app_name\vendor\cakephp\cakephp\src\Http\Runner.php:73
- C:\xampp\htdocs\my_app_name\vendor\cakephp\cakephp\src\Http\Middleware\BodyParserMiddleware.php:159
- C:\xampp\htdocs\my_app_name\vendor\cakephp\cakephp\src\Http\Runner.php:73
- C:\xampp\htdocs\my_app_name\vendor\cakephp\cakephp\src\Routing\Middleware\RoutingMiddleware.php:161
- C:\xampp\htdocs\my_app_name\vendor\cakephp\cakephp\src\Http\Runner.php:73
- C:\xampp\htdocs\my_app_name\vendor\cakephp\cakephp\src\Routing\Middleware\AssetMiddleware.php:68
- C:\xampp\htdocs\my_app_name\vendor\cakephp\cakephp\src\Http\Runner.php:73
- C:\xampp\htdocs\my_app_name\vendor\cakephp\cakephp\src\Error\Middleware\ErrorHandlerMiddleware.php:126
- C:\xampp\htdocs\my_app_name\vendor\cakephp\cakephp\src\Http\Runner.php:73
- C:\xampp\htdocs\my_app_name\vendor\cakephp\debug_kit\src\Middleware\DebugKitMiddleware.php:60
- C:\xampp\htdocs\my_app_name\vendor\cakephp\cakephp\src\Http\Runner.php:73
- C:\xampp\htdocs\my_app_name\vendor\cakephp\cakephp\src\Http\Runner.php:58
- C:\xampp\htdocs\my_app_name\vendor\cakephp\cakephp\src\Http\Server.php:90
- C:\xampp\htdocs\my_app_name\webroot\index.php:40

Request URL: /articles/index


2021-04-14 03:56:04 Error: [Error] Class "App\Controller" not found in C:\xampp\htdocs\my_app_name\src\Controller\ArticlesController.php on line 3
Stack Trace:
- C:\xampp\htdocs\my_app_name\vendor\composer\ClassLoader.php:478
- C:\xampp\htdocs\my_app_name\vendor\composer\ClassLoader.php:346
- class_exists - [internal], line ??- C:\xampp\htdocs\my_app_name\vendor\cakephp\cakephp\src\Core\App.php:159
- C:\xampp\htdocs\my_app_name\vendor\cakephp\cakephp\src\Core\App.php:67
- C:\xampp\htdocs\my_app_name\vendor\cakephp\cakephp\src\Controller\ControllerFactory.php:217
- C:\xampp\htdocs\my_app_name\vendor\cakephp\cakephp\src\Controller\ControllerFactory.php:63
- C:\xampp\htdocs\my_app_name\vendor\cakephp\cakephp\src\Http\BaseApplication.php:311
- C:\xampp\htdocs\my_app_name\vendor\cakephp\cakephp\src\Http\Runner.php:77
- C:\xampp\htdocs\my_app_name\vendor\cakephp\cakephp\src\Http\Middleware\CsrfProtectionMiddleware.php:169
- C:\xampp\htdocs\my_app_name\vendor\cakephp\cakephp\src\Http\Runner.php:73
- C:\xampp\htdocs\my_app_name\vendor\cakephp\cakephp\src\Http\Middleware\BodyParserMiddleware.php:159
- C:\xampp\htdocs\my_app_name\vendor\cakephp\cakephp\src\Http\Runner.php:73
- C:\xampp\htdocs\my_app_name\vendor\cakephp\cakephp\src\Routing\Middleware\RoutingMiddleware.php:161
- C:\xampp\htdocs\my_app_name\vendor\cakephp\cakephp\src\Http\Runner.php:73
- C:\xampp\htdocs\my_app_name\vendor\cakephp\cakephp\src\Routing\Middleware\AssetMiddleware.php:68
- C:\xampp\htdocs\my_app_name\vendor\cakephp\cakephp\src\Http\Runner.php:73
- C:\xampp\htdocs\my_app_name\vendor\cakephp\cakephp\src\Error\Middleware\ErrorHandlerMiddleware.php:126
- C:\xampp\htdocs\my_app_name\vendor\cakephp\cakephp\src\Http\Runner.php:73
- C:\xampp\htdocs\my_app_name\vendor\cakephp\debug_kit\src\Middleware\DebugKitMiddleware.php:60
- C:\xampp\htdocs\my_app_name\vendor\cakephp\cakephp\src\Http\Runner.php:73
- C:\xampp\htdocs\my_app_name\vendor\cakephp\cakephp\src\Http\Runner.php:58
- C:\xampp\htdocs\my_app_name\vendor\cakephp\cakephp\src\Http\Server.php:90
- C:\xampp\htdocs\my_app_name\webroot\index.php:40

Request URL: /articles/index


2021-04-14 03:56:17 Error: [ParseError] syntax error, unexpected token "." in C:\xampp\htdocs\my_app_name\src\Controller\ArticlesController.php on line 3
Stack Trace:
- C:\xampp\htdocs\my_app_name\vendor\composer\ClassLoader.php:346
- class_exists - [internal], line ??- C:\xampp\htdocs\my_app_name\vendor\cakephp\cakephp\src\Core\App.php:159
- C:\xampp\htdocs\my_app_name\vendor\cakephp\cakephp\src\Core\App.php:67
- C:\xampp\htdocs\my_app_name\vendor\cakephp\cakephp\src\Controller\ControllerFactory.php:217
- C:\xampp\htdocs\my_app_name\vendor\cakephp\cakephp\src\Controller\ControllerFactory.php:63
- C:\xampp\htdocs\my_app_name\vendor\cakephp\cakephp\src\Http\BaseApplication.php:311
- C:\xampp\htdocs\my_app_name\vendor\cakephp\cakephp\src\Http\Runner.php:77
- C:\xampp\htdocs\my_app_name\vendor\cakephp\cakephp\src\Http\Middleware\CsrfProtectionMiddleware.php:169
- C:\xampp\htdocs\my_app_name\vendor\cakephp\cakephp\src\Http\Runner.php:73
- C:\xampp\htdocs\my_app_name\vendor\cakephp\cakephp\src\Http\Middleware\BodyParserMiddleware.php:159
- C:\xampp\htdocs\my_app_name\vendor\cakephp\cakephp\src\Http\Runner.php:73
- C:\xampp\htdocs\my_app_name\vendor\cakephp\cakephp\src\Routing\Middleware\RoutingMiddleware.php:161
- C:\xampp\htdocs\my_app_name\vendor\cakephp\cakephp\src\Http\Runner.php:73
- C:\xampp\htdocs\my_app_name\vendor\cakephp\cakephp\src\Routing\Middleware\AssetMiddleware.php:68
- C:\xampp\htdocs\my_app_name\vendor\cakephp\cakephp\src\Http\Runner.php:73
- C:\xampp\htdocs\my_app_name\vendor\cakephp\cakephp\src\Error\Middleware\ErrorHandlerMiddleware.php:126
- C:\xampp\htdocs\my_app_name\vendor\cakephp\cakephp\src\Http\Runner.php:73
- C:\xampp\htdocs\my_app_name\vendor\cakephp\debug_kit\src\Middleware\DebugKitMiddleware.php:60
- C:\xampp\htdocs\my_app_name\vendor\cakephp\cakephp\src\Http\Runner.php:73
- C:\xampp\htdocs\my_app_name\vendor\cakephp\cakephp\src\Http\Runner.php:58
- C:\xampp\htdocs\my_app_name\vendor\cakephp\cakephp\src\Http\Server.php:90
- C:\xampp\htdocs\my_app_name\webroot\index.php:40

Request URL: /articles/index


2021-04-14 04:00:16 Error: [Error] Call to undefined method App\Controller\ArticlesController::localComponent() in C:\xampp\htdocs\my_app_name\src\Controller\ArticlesController.php on line 7
Stack Trace:
- C:\xampp\htdocs\my_app_name\vendor\cakephp\cakephp\src\Controller\Controller.php:531
- C:\xampp\htdocs\my_app_name\vendor\cakephp\cakephp\src\Controller\ControllerFactory.php:151
- C:\xampp\htdocs\my_app_name\vendor\cakephp\cakephp\src\Http\BaseApplication.php:313
- C:\xampp\htdocs\my_app_name\vendor\cakephp\cakephp\src\Http\Runner.php:77
- C:\xampp\htdocs\my_app_name\vendor\cakephp\cakephp\src\Http\Middleware\CsrfProtectionMiddleware.php:169
- C:\xampp\htdocs\my_app_name\vendor\cakephp\cakephp\src\Http\Runner.php:73
- C:\xampp\htdocs\my_app_name\vendor\cakephp\cakephp\src\Http\Middleware\BodyParserMiddleware.php:159
- C:\xampp\htdocs\my_app_name\vendor\cakephp\cakephp\src\Http\Runner.php:73
- C:\xampp\htdocs\my_app_name\vendor\cakephp\cakephp\src\Routing\Middleware\RoutingMiddleware.php:161
- C:\xampp\htdocs\my_app_name\vendor\cakephp\cakephp\src\Http\Runner.php:73
- C:\xampp\htdocs\my_app_name\vendor\cakephp\cakephp\src\Routing\Middleware\AssetMiddleware.php:68
- C:\xampp\htdocs\my_app_name\vendor\cakephp\cakephp\src\Http\Runner.php:73
- C:\xampp\htdocs\my_app_name\vendor\cakephp\cakephp\src\Error\Middleware\ErrorHandlerMiddleware.php:126
- C:\xampp\htdocs\my_app_name\vendor\cakephp\cakephp\src\Http\Runner.php:73
- C:\xampp\htdocs\my_app_name\vendor\cakephp\debug_kit\src\Middleware\DebugKitMiddleware.php:60
- C:\xampp\htdocs\my_app_name\vendor\cakephp\cakephp\src\Http\Runner.php:73
- C:\xampp\htdocs\my_app_name\vendor\cakephp\cakephp\src\Http\Runner.php:58
- C:\xampp\htdocs\my_app_name\vendor\cakephp\cakephp\src\Http\Server.php:90
- C:\xampp\htdocs\my_app_name\webroot\index.php:40

Request URL: /articles/index


2021-04-14 04:09:51 Error: [Error] Call to undefined method App\Controller\ArticlesController::localComponent() in C:\xampp\htdocs\my_app_name\src\Controller\ArticlesController.php on line 7
Stack Trace:
- C:\xampp\htdocs\my_app_name\vendor\cakephp\cakephp\src\Controller\Controller.php:531
- C:\xampp\htdocs\my_app_name\vendor\cakephp\cakephp\src\Controller\ControllerFactory.php:151
- C:\xampp\htdocs\my_app_name\vendor\cakephp\cakephp\src\Http\BaseApplication.php:313
- C:\xampp\htdocs\my_app_name\vendor\cakephp\cakephp\src\Http\Runner.php:77
- C:\xampp\htdocs\my_app_name\vendor\cakephp\cakephp\src\Http\Middleware\CsrfProtectionMiddleware.php:169
- C:\xampp\htdocs\my_app_name\vendor\cakephp\cakephp\src\Http\Runner.php:73
- C:\xampp\htdocs\my_app_name\vendor\cakephp\cakephp\src\Http\Middleware\BodyParserMiddleware.php:159
- C:\xampp\htdocs\my_app_name\vendor\cakephp\cakephp\src\Http\Runner.php:73
- C:\xampp\htdocs\my_app_name\vendor\cakephp\cakephp\src\Routing\Middleware\RoutingMiddleware.php:161
- C:\xampp\htdocs\my_app_name\vendor\cakephp\cakephp\src\Http\Runner.php:73
- C:\xampp\htdocs\my_app_name\vendor\cakephp\cakephp\src\Routing\Middleware\AssetMiddleware.php:68
- C:\xampp\htdocs\my_app_name\vendor\cakephp\cakephp\src\Http\Runner.php:73
- C:\xampp\htdocs\my_app_name\vendor\cakephp\cakephp\src\Error\Middleware\ErrorHandlerMiddleware.php:126
- C:\xampp\htdocs\my_app_name\vendor\cakephp\cakephp\src\Http\Runner.php:73
- C:\xampp\htdocs\my_app_name\vendor\cakephp\debug_kit\src\Middleware\DebugKitMiddleware.php:60
- C:\xampp\htdocs\my_app_name\vendor\cakephp\cakephp\src\Http\Runner.php:73
- C:\xampp\htdocs\my_app_name\vendor\cakephp\cakephp\src\Http\Runner.php:58
- C:\xampp\htdocs\my_app_name\vendor\cakephp\cakephp\src\Http\Server.php:90
- C:\xampp\htdocs\my_app_name\webroot\index.php:40

Request URL: /articles/index


2021-04-14 04:11:12 Error: [Cake\ORM\Exception\MissingTableClassException] Table class for alias `Articles` could not be found. in C:\xampp\htdocs\my_app_name\vendor\cakephp\cakephp\src\ORM\Locator\TableLocator.php on line 245
Exception Attributes: array (
  0 => 'for alias `Articles`',
)
Stack Trace:
- C:\xampp\htdocs\my_app_name\vendor\cakephp\cakephp\src\Datasource\Locator\AbstractLocator.php:62
- C:\xampp\htdocs\my_app_name\vendor\cakephp\cakephp\src\ORM\Locator\TableLocator.php:205
- C:\xampp\htdocs\my_app_name\vendor\cakephp\cakephp\src\Datasource\ModelAwareTrait.php:124
- C:\xampp\htdocs\my_app_name\vendor\cakephp\cakephp\src\Controller\Controller.php:307
- C:\xampp\htdocs\my_app_name\src\Controller\ArticlesController.php:8
- C:\xampp\htdocs\my_app_name\vendor\cakephp\cakephp\src\Controller\Controller.php:531
- C:\xampp\htdocs\my_app_name\vendor\cakephp\cakephp\src\Controller\ControllerFactory.php:151
- C:\xampp\htdocs\my_app_name\vendor\cakephp\cakephp\src\Http\BaseApplication.php:313
- C:\xampp\htdocs\my_app_name\vendor\cakephp\cakephp\src\Http\Runner.php:77
- C:\xampp\htdocs\my_app_name\vendor\cakephp\cakephp\src\Http\Middleware\CsrfProtectionMiddleware.php:169
- C:\xampp\htdocs\my_app_name\vendor\cakephp\cakephp\src\Http\Runner.php:73
- C:\xampp\htdocs\my_app_name\vendor\cakephp\cakephp\src\Http\Middleware\BodyParserMiddleware.php:159
- C:\xampp\htdocs\my_app_name\vendor\cakephp\cakephp\src\Http\Runner.php:73
- C:\xampp\htdocs\my_app_name\vendor\cakephp\cakephp\src\Routing\Middleware\RoutingMiddleware.php:161
- C:\xampp\htdocs\my_app_name\vendor\cakephp\cakephp\src\Http\Runner.php:73
- C:\xampp\htdocs\my_app_name\vendor\cakephp\cakephp\src\Routing\Middleware\AssetMiddleware.php:68
- C:\xampp\htdocs\my_app_name\vendor\cakephp\cakephp\src\Http\Runner.php:73
- C:\xampp\htdocs\my_app_name\vendor\cakephp\cakephp\src\Error\Middleware\ErrorHandlerMiddleware.php:126
- C:\xampp\htdocs\my_app_name\vendor\cakephp\cakephp\src\Http\Runner.php:73
- C:\xampp\htdocs\my_app_name\vendor\cakephp\debug_kit\src\Middleware\DebugKitMiddleware.php:60
- C:\xampp\htdocs\my_app_name\vendor\cakephp\cakephp\src\Http\Runner.php:73
- C:\xampp\htdocs\my_app_name\vendor\cakephp\cakephp\src\Http\Runner.php:58
- C:\xampp\htdocs\my_app_name\vendor\cakephp\cakephp\src\Http\Server.php:90
- C:\xampp\htdocs\my_app_name\webroot\index.php:40

Request URL: /articles/index


2021-04-14 04:12:16 Error: [Cake\ORM\Exception\MissingTableClassException] Table class for alias `Articles` could not be found. in C:\xampp\htdocs\my_app_name\vendor\cakephp\cakephp\src\ORM\Locator\TableLocator.php on line 245
Exception Attributes: array (
  0 => 'for alias `Articles`',
)
Stack Trace:
- C:\xampp\htdocs\my_app_name\vendor\cakephp\cakephp\src\Datasource\Locator\AbstractLocator.php:62
- C:\xampp\htdocs\my_app_name\vendor\cakephp\cakephp\src\ORM\Locator\TableLocator.php:205
- C:\xampp\htdocs\my_app_name\vendor\cakephp\cakephp\src\Datasource\ModelAwareTrait.php:124
- C:\xampp\htdocs\my_app_name\vendor\cakephp\cakephp\src\Controller\Controller.php:307
- C:\xampp\htdocs\my_app_name\src\Controller\ArticlesController.php:8
- C:\xampp\htdocs\my_app_name\vendor\cakephp\cakephp\src\Controller\Controller.php:531
- C:\xampp\htdocs\my_app_name\vendor\cakephp\cakephp\src\Controller\ControllerFactory.php:151
- C:\xampp\htdocs\my_app_name\vendor\cakephp\cakephp\src\Http\BaseApplication.php:313
- C:\xampp\htdocs\my_app_name\vendor\cakephp\cakephp\src\Http\Runner.php:77
- C:\xampp\htdocs\my_app_name\vendor\cakephp\cakephp\src\Http\Middleware\CsrfProtectionMiddleware.php:169
- C:\xampp\htdocs\my_app_name\vendor\cakephp\cakephp\src\Http\Runner.php:73
- C:\xampp\htdocs\my_app_name\vendor\cakephp\cakephp\src\Http\Middleware\BodyParserMiddleware.php:159
- C:\xampp\htdocs\my_app_name\vendor\cakephp\cakephp\src\Http\Runner.php:73
- C:\xampp\htdocs\my_app_name\vendor\cakephp\cakephp\src\Routing\Middleware\RoutingMiddleware.php:161
- C:\xampp\htdocs\my_app_name\vendor\cakephp\cakephp\src\Http\Runner.php:73
- C:\xampp\htdocs\my_app_name\vendor\cakephp\cakephp\src\Routing\Middleware\AssetMiddleware.php:68
- C:\xampp\htdocs\my_app_name\vendor\cakephp\cakephp\src\Http\Runner.php:73
- C:\xampp\htdocs\my_app_name\vendor\cakephp\cakephp\src\Error\Middleware\ErrorHandlerMiddleware.php:126
- C:\xampp\htdocs\my_app_name\vendor\cakephp\cakephp\src\Http\Runner.php:73
- C:\xampp\htdocs\my_app_name\vendor\cakephp\debug_kit\src\Middleware\DebugKitMiddleware.php:60
- C:\xampp\htdocs\my_app_name\vendor\cakephp\cakephp\src\Http\Runner.php:73
- C:\xampp\htdocs\my_app_name\vendor\cakephp\cakephp\src\Http\Runner.php:58
- C:\xampp\htdocs\my_app_name\vendor\cakephp\cakephp\src\Http\Server.php:90
- C:\xampp\htdocs\my_app_name\webroot\index.php:40

Request URL: /articles/index


2021-04-14 04:12:26 Error: [Cake\ORM\Exception\MissingTableClassException] Table class for alias `Articles` could not be found. in C:\xampp\htdocs\my_app_name\vendor\cakephp\cakephp\src\ORM\Locator\TableLocator.php on line 245
Exception Attributes: array (
  0 => 'for alias `Articles`',
)
Stack Trace:
- C:\xampp\htdocs\my_app_name\vendor\cakephp\cakephp\src\Datasource\Locator\AbstractLocator.php:62
- C:\xampp\htdocs\my_app_name\vendor\cakephp\cakephp\src\ORM\Locator\TableLocator.php:205
- C:\xampp\htdocs\my_app_name\vendor\cakephp\cakephp\src\Datasource\ModelAwareTrait.php:124
- C:\xampp\htdocs\my_app_name\vendor\cakephp\cakephp\src\Controller\Controller.php:307
- C:\xampp\htdocs\my_app_name\src\Controller\ArticlesController.php:8
- C:\xampp\htdocs\my_app_name\vendor\cakephp\cakephp\src\Controller\Controller.php:531
- C:\xampp\htdocs\my_app_name\vendor\cakephp\cakephp\src\Controller\ControllerFactory.php:151
- C:\xampp\htdocs\my_app_name\vendor\cakephp\cakephp\src\Http\BaseApplication.php:313
- C:\xampp\htdocs\my_app_name\vendor\cakephp\cakephp\src\Http\Runner.php:77
- C:\xampp\htdocs\my_app_name\vendor\cakephp\cakephp\src\Http\Middleware\CsrfProtectionMiddleware.php:169
- C:\xampp\htdocs\my_app_name\vendor\cakephp\cakephp\src\Http\Runner.php:73
- C:\xampp\htdocs\my_app_name\vendor\cakephp\cakephp\src\Http\Middleware\BodyParserMiddleware.php:159
- C:\xampp\htdocs\my_app_name\vendor\cakephp\cakephp\src\Http\Runner.php:73
- C:\xampp\htdocs\my_app_name\vendor\cakephp\cakephp\src\Routing\Middleware\RoutingMiddleware.php:161
- C:\xampp\htdocs\my_app_name\vendor\cakephp\cakephp\src\Http\Runner.php:73
- C:\xampp\htdocs\my_app_name\vendor\cakephp\cakephp\src\Routing\Middleware\AssetMiddleware.php:68
- C:\xampp\htdocs\my_app_name\vendor\cakephp\cakephp\src\Http\Runner.php:73
- C:\xampp\htdocs\my_app_name\vendor\cakephp\cakephp\src\Error\Middleware\ErrorHandlerMiddleware.php:126
- C:\xampp\htdocs\my_app_name\vendor\cakephp\cakephp\src\Http\Runner.php:73
- C:\xampp\htdocs\my_app_name\vendor\cakephp\debug_kit\src\Middleware\DebugKitMiddleware.php:60
- C:\xampp\htdocs\my_app_name\vendor\cakephp\cakephp\src\Http\Runner.php:73
- C:\xampp\htdocs\my_app_name\vendor\cakephp\cakephp\src\Http\Runner.php:58
- C:\xampp\htdocs\my_app_name\vendor\cakephp\cakephp\src\Http\Server.php:90
- C:\xampp\htdocs\my_app_name\webroot\index.php:40

Request URL: /articles/index


2021-04-14 04:13:01 Error: [Cake\ORM\Exception\MissingTableClassException] Table class for alias `Articles` could not be found. in C:\xampp\htdocs\my_app_name\vendor\cakephp\cakephp\src\ORM\Locator\TableLocator.php on line 245
Exception Attributes: array (
  0 => 'for alias `Articles`',
)
Stack Trace:
- C:\xampp\htdocs\my_app_name\vendor\cakephp\cakephp\src\Datasource\Locator\AbstractLocator.php:62
- C:\xampp\htdocs\my_app_name\vendor\cakephp\cakephp\src\ORM\Locator\TableLocator.php:205
- C:\xampp\htdocs\my_app_name\vendor\cakephp\cakephp\src\Datasource\ModelAwareTrait.php:124
- C:\xampp\htdocs\my_app_name\vendor\cakephp\cakephp\src\Controller\Controller.php:307
- C:\xampp\htdocs\my_app_name\src\Controller\ArticlesController.php:8
- C:\xampp\htdocs\my_app_name\vendor\cakephp\cakephp\src\Controller\Controller.php:531
- C:\xampp\htdocs\my_app_name\vendor\cakephp\cakephp\src\Controller\ControllerFactory.php:151
- C:\xampp\htdocs\my_app_name\vendor\cakephp\cakephp\src\Http\BaseApplication.php:313
- C:\xampp\htdocs\my_app_name\vendor\cakephp\cakephp\src\Http\Runner.php:77
- C:\xampp\htdocs\my_app_name\vendor\cakephp\cakephp\src\Http\Middleware\CsrfProtectionMiddleware.php:169
- C:\xampp\htdocs\my_app_name\vendor\cakephp\cakephp\src\Http\Runner.php:73
- C:\xampp\htdocs\my_app_name\vendor\cakephp\cakephp\src\Http\Middleware\BodyParserMiddleware.php:159
- C:\xampp\htdocs\my_app_name\vendor\cakephp\cakephp\src\Http\Runner.php:73
- C:\xampp\htdocs\my_app_name\vendor\cakephp\cakephp\src\Routing\Middleware\RoutingMiddleware.php:161
- C:\xampp\htdocs\my_app_name\vendor\cakephp\cakephp\src\Http\Runner.php:73
- C:\xampp\htdocs\my_app_name\vendor\cakephp\cakephp\src\Routing\Middleware\AssetMiddleware.php:68
- C:\xampp\htdocs\my_app_name\vendor\cakephp\cakephp\src\Http\Runner.php:73
- C:\xampp\htdocs\my_app_name\vendor\cakephp\cakephp\src\Error\Middleware\ErrorHandlerMiddleware.php:126
- C:\xampp\htdocs\my_app_name\vendor\cakephp\cakephp\src\Http\Runner.php:73
- C:\xampp\htdocs\my_app_name\vendor\cakephp\debug_kit\src\Middleware\DebugKitMiddleware.php:60
- C:\xampp\htdocs\my_app_name\vendor\cakephp\cakephp\src\Http\Runner.php:73
- C:\xampp\htdocs\my_app_name\vendor\cakephp\cakephp\src\Http\Runner.php:58
- C:\xampp\htdocs\my_app_name\vendor\cakephp\cakephp\src\Http\Server.php:90
- C:\xampp\htdocs\my_app_name\webroot\index.php:40

Request URL: /articles/index


2021-04-14 04:13:25 Error: [Cake\ORM\Exception\MissingTableClassException] Table class for alias `Articles` could not be found. in C:\xampp\htdocs\my_app_name\vendor\cakephp\cakephp\src\ORM\Locator\TableLocator.php on line 245
Exception Attributes: array (
  0 => 'for alias `Articles`',
)
Stack Trace:
- C:\xampp\htdocs\my_app_name\vendor\cakephp\cakephp\src\Datasource\Locator\AbstractLocator.php:62
- C:\xampp\htdocs\my_app_name\vendor\cakephp\cakephp\src\ORM\Locator\TableLocator.php:205
- C:\xampp\htdocs\my_app_name\vendor\cakephp\cakephp\src\Datasource\ModelAwareTrait.php:124
- C:\xampp\htdocs\my_app_name\vendor\cakephp\cakephp\src\Controller\Controller.php:307
- C:\xampp\htdocs\my_app_name\src\Controller\ArticlesController.php:8
- C:\xampp\htdocs\my_app_name\vendor\cakephp\cakephp\src\Controller\Controller.php:531
- C:\xampp\htdocs\my_app_name\vendor\cakephp\cakephp\src\Controller\ControllerFactory.php:151
- C:\xampp\htdocs\my_app_name\vendor\cakephp\cakephp\src\Http\BaseApplication.php:313
- C:\xampp\htdocs\my_app_name\vendor\cakephp\cakephp\src\Http\Runner.php:77
- C:\xampp\htdocs\my_app_name\vendor\cakephp\cakephp\src\Http\Middleware\CsrfProtectionMiddleware.php:169
- C:\xampp\htdocs\my_app_name\vendor\cakephp\cakephp\src\Http\Runner.php:73
- C:\xampp\htdocs\my_app_name\vendor\cakephp\cakephp\src\Http\Middleware\BodyParserMiddleware.php:159
- C:\xampp\htdocs\my_app_name\vendor\cakephp\cakephp\src\Http\Runner.php:73
- C:\xampp\htdocs\my_app_name\vendor\cakephp\cakephp\src\Routing\Middleware\RoutingMiddleware.php:161
- C:\xampp\htdocs\my_app_name\vendor\cakephp\cakephp\src\Http\Runner.php:73
- C:\xampp\htdocs\my_app_name\vendor\cakephp\cakephp\src\Routing\Middleware\AssetMiddleware.php:68
- C:\xampp\htdocs\my_app_name\vendor\cakephp\cakephp\src\Http\Runner.php:73
- C:\xampp\htdocs\my_app_name\vendor\cakephp\cakephp\src\Error\Middleware\ErrorHandlerMiddleware.php:126
- C:\xampp\htdocs\my_app_name\vendor\cakephp\cakephp\src\Http\Runner.php:73
- C:\xampp\htdocs\my_app_name\vendor\cakephp\debug_kit\src\Middleware\DebugKitMiddleware.php:60
- C:\xampp\htdocs\my_app_name\vendor\cakephp\cakephp\src\Http\Runner.php:73
- C:\xampp\htdocs\my_app_name\vendor\cakephp\cakephp\src\Http\Runner.php:58
- C:\xampp\htdocs\my_app_name\vendor\cakephp\cakephp\src\Http\Server.php:90
- C:\xampp\htdocs\my_app_name\webroot\index.php:40

Request URL: /articles/index


2021-04-14 04:13:41 Error: [Cake\ORM\Exception\MissingTableClassException] Table class for alias `Articles` could not be found. in C:\xampp\htdocs\my_app_name\vendor\cakephp\cakephp\src\ORM\Locator\TableLocator.php on line 245
Exception Attributes: array (
  0 => 'for alias `Articles`',
)
Stack Trace:
- C:\xampp\htdocs\my_app_name\vendor\cakephp\cakephp\src\Datasource\Locator\AbstractLocator.php:62
- C:\xampp\htdocs\my_app_name\vendor\cakephp\cakephp\src\ORM\Locator\TableLocator.php:205
- C:\xampp\htdocs\my_app_name\vendor\cakephp\cakephp\src\Datasource\ModelAwareTrait.php:124
- C:\xampp\htdocs\my_app_name\vendor\cakephp\cakephp\src\Controller\Controller.php:307
- C:\xampp\htdocs\my_app_name\src\Controller\ArticlesController.php:8
- C:\xampp\htdocs\my_app_name\vendor\cakephp\cakephp\src\Controller\Controller.php:531
- C:\xampp\htdocs\my_app_name\vendor\cakephp\cakephp\src\Controller\ControllerFactory.php:151
- C:\xampp\htdocs\my_app_name\vendor\cakephp\cakephp\src\Http\BaseApplication.php:313
- C:\xampp\htdocs\my_app_name\vendor\cakephp\cakephp\src\Http\Runner.php:77
- C:\xampp\htdocs\my_app_name\vendor\cakephp\cakephp\src\Http\Middleware\CsrfProtectionMiddleware.php:169
- C:\xampp\htdocs\my_app_name\vendor\cakephp\cakephp\src\Http\Runner.php:73
- C:\xampp\htdocs\my_app_name\vendor\cakephp\cakephp\src\Http\Middleware\BodyParserMiddleware.php:159
- C:\xampp\htdocs\my_app_name\vendor\cakephp\cakephp\src\Http\Runner.php:73
- C:\xampp\htdocs\my_app_name\vendor\cakephp\cakephp\src\Routing\Middleware\RoutingMiddleware.php:161
- C:\xampp\htdocs\my_app_name\vendor\cakephp\cakephp\src\Http\Runner.php:73
- C:\xampp\htdocs\my_app_name\vendor\cakephp\cakephp\src\Routing\Middleware\AssetMiddleware.php:68
- C:\xampp\htdocs\my_app_name\vendor\cakephp\cakephp\src\Http\Runner.php:73
- C:\xampp\htdocs\my_app_name\vendor\cakephp\cakephp\src\Error\Middleware\ErrorHandlerMiddleware.php:126
- C:\xampp\htdocs\my_app_name\vendor\cakephp\cakephp\src\Http\Runner.php:73
- C:\xampp\htdocs\my_app_name\vendor\cakephp\debug_kit\src\Middleware\DebugKitMiddleware.php:60
- C:\xampp\htdocs\my_app_name\vendor\cakephp\cakephp\src\Http\Runner.php:73
- C:\xampp\htdocs\my_app_name\vendor\cakephp\cakephp\src\Http\Runner.php:58
- C:\xampp\htdocs\my_app_name\vendor\cakephp\cakephp\src\Http\Server.php:90
- C:\xampp\htdocs\my_app_name\webroot\index.php:40

Request URL: /articles/index


2021-04-14 04:15:27 Error: [Cake\ORM\Exception\MissingTableClassException] Table class for alias `Articles` could not be found. in C:\xampp\htdocs\my_app_name\vendor\cakephp\cakephp\src\ORM\Locator\TableLocator.php on line 245
Exception Attributes: array (
  0 => 'for alias `Articles`',
)
Stack Trace:
- C:\xampp\htdocs\my_app_name\vendor\cakephp\cakephp\src\Datasource\Locator\AbstractLocator.php:62
- C:\xampp\htdocs\my_app_name\vendor\cakephp\cakephp\src\ORM\Locator\TableLocator.php:205
- C:\xampp\htdocs\my_app_name\vendor\cakephp\cakephp\src\Datasource\ModelAwareTrait.php:124
- C:\xampp\htdocs\my_app_name\vendor\cakephp\cakephp\src\Controller\Controller.php:307
- C:\xampp\htdocs\my_app_name\src\Controller\ArticlesController.php:8
- C:\xampp\htdocs\my_app_name\vendor\cakephp\cakephp\src\Controller\Controller.php:531
- C:\xampp\htdocs\my_app_name\vendor\cakephp\cakephp\src\Controller\ControllerFactory.php:151
- C:\xampp\htdocs\my_app_name\vendor\cakephp\cakephp\src\Http\BaseApplication.php:313
- C:\xampp\htdocs\my_app_name\vendor\cakephp\cakephp\src\Http\Runner.php:77
- C:\xampp\htdocs\my_app_name\vendor\cakephp\cakephp\src\Http\Middleware\CsrfProtectionMiddleware.php:169
- C:\xampp\htdocs\my_app_name\vendor\cakephp\cakephp\src\Http\Runner.php:73
- C:\xampp\htdocs\my_app_name\vendor\cakephp\cakephp\src\Http\Middleware\BodyParserMiddleware.php:159
- C:\xampp\htdocs\my_app_name\vendor\cakephp\cakephp\src\Http\Runner.php:73
- C:\xampp\htdocs\my_app_name\vendor\cakephp\cakephp\src\Routing\Middleware\RoutingMiddleware.php:161
- C:\xampp\htdocs\my_app_name\vendor\cakephp\cakephp\src\Http\Runner.php:73
- C:\xampp\htdocs\my_app_name\vendor\cakephp\cakephp\src\Routing\Middleware\AssetMiddleware.php:68
- C:\xampp\htdocs\my_app_name\vendor\cakephp\cakephp\src\Http\Runner.php:73
- C:\xampp\htdocs\my_app_name\vendor\cakephp\cakephp\src\Error\Middleware\ErrorHandlerMiddleware.php:126
- C:\xampp\htdocs\my_app_name\vendor\cakephp\cakephp\src\Http\Runner.php:73
- C:\xampp\htdocs\my_app_name\vendor\cakephp\debug_kit\src\Middleware\DebugKitMiddleware.php:60
- C:\xampp\htdocs\my_app_name\vendor\cakephp\cakephp\src\Http\Runner.php:73
- C:\xampp\htdocs\my_app_name\vendor\cakephp\cakephp\src\Http\Runner.php:58
- C:\xampp\htdocs\my_app_name\vendor\cakephp\cakephp\src\Http\Server.php:90
- C:\xampp\htdocs\my_app_name\webroot\index.php:40

Request URL: /articles/index


2021-04-14 04:15:34 Error: [Cake\ORM\Exception\MissingTableClassException] Table class for alias `Articles` could not be found. in C:\xampp\htdocs\my_app_name\vendor\cakephp\cakephp\src\ORM\Locator\TableLocator.php on line 245
Exception Attributes: array (
  0 => 'for alias `Articles`',
)
Stack Trace:
- C:\xampp\htdocs\my_app_name\vendor\cakephp\cakephp\src\Datasource\Locator\AbstractLocator.php:62
- C:\xampp\htdocs\my_app_name\vendor\cakephp\cakephp\src\ORM\Locator\TableLocator.php:205
- C:\xampp\htdocs\my_app_name\vendor\cakephp\cakephp\src\Datasource\ModelAwareTrait.php:124
- C:\xampp\htdocs\my_app_name\vendor\cakephp\cakephp\src\Controller\Controller.php:307
- C:\xampp\htdocs\my_app_name\src\Controller\ArticlesController.php:8
- C:\xampp\htdocs\my_app_name\vendor\cakephp\cakephp\src\Controller\Controller.php:531
- C:\xampp\htdocs\my_app_name\vendor\cakephp\cakephp\src\Controller\ControllerFactory.php:151
- C:\xampp\htdocs\my_app_name\vendor\cakephp\cakephp\src\Http\BaseApplication.php:313
- C:\xampp\htdocs\my_app_name\vendor\cakephp\cakephp\src\Http\Runner.php:77
- C:\xampp\htdocs\my_app_name\vendor\cakephp\cakephp\src\Http\Middleware\CsrfProtectionMiddleware.php:169
- C:\xampp\htdocs\my_app_name\vendor\cakephp\cakephp\src\Http\Runner.php:73
- C:\xampp\htdocs\my_app_name\vendor\cakephp\cakephp\src\Http\Middleware\BodyParserMiddleware.php:159
- C:\xampp\htdocs\my_app_name\vendor\cakephp\cakephp\src\Http\Runner.php:73
- C:\xampp\htdocs\my_app_name\vendor\cakephp\cakephp\src\Routing\Middleware\RoutingMiddleware.php:161
- C:\xampp\htdocs\my_app_name\vendor\cakephp\cakephp\src\Http\Runner.php:73
- C:\xampp\htdocs\my_app_name\vendor\cakephp\cakephp\src\Routing\Middleware\AssetMiddleware.php:68
- C:\xampp\htdocs\my_app_name\vendor\cakephp\cakephp\src\Http\Runner.php:73
- C:\xampp\htdocs\my_app_name\vendor\cakephp\cakephp\src\Error\Middleware\ErrorHandlerMiddleware.php:126
- C:\xampp\htdocs\my_app_name\vendor\cakephp\cakephp\src\Http\Runner.php:73
- C:\xampp\htdocs\my_app_name\vendor\cakephp\debug_kit\src\Middleware\DebugKitMiddleware.php:60
- C:\xampp\htdocs\my_app_name\vendor\cakephp\cakephp\src\Http\Runner.php:73
- C:\xampp\htdocs\my_app_name\vendor\cakephp\cakephp\src\Http\Runner.php:58
- C:\xampp\htdocs\my_app_name\vendor\cakephp\cakephp\src\Http\Server.php:90
- C:\xampp\htdocs\my_app_name\webroot\index.php:40

Request URL: /articles/index


2021-04-14 04:17:38 Error: [Cake\ORM\Exception\MissingTableClassException] Table class for alias `Articles` could not be found. in C:\xampp\htdocs\my_app_name\vendor\cakephp\cakephp\src\ORM\Locator\TableLocator.php on line 245
Exception Attributes: array (
  0 => 'for alias `Articles`',
)
Stack Trace:
- C:\xampp\htdocs\my_app_name\vendor\cakephp\cakephp\src\Datasource\Locator\AbstractLocator.php:62
- C:\xampp\htdocs\my_app_name\vendor\cakephp\cakephp\src\ORM\Locator\TableLocator.php:205
- C:\xampp\htdocs\my_app_name\vendor\cakephp\cakephp\src\Datasource\ModelAwareTrait.php:124
- C:\xampp\htdocs\my_app_name\vendor\cakephp\cakephp\src\Controller\Controller.php:307
- C:\xampp\htdocs\my_app_name\src\Controller\ArticlesController.php:8
- C:\xampp\htdocs\my_app_name\vendor\cakephp\cakephp\src\Controller\Controller.php:531
- C:\xampp\htdocs\my_app_name\vendor\cakephp\cakephp\src\Controller\ControllerFactory.php:151
- C:\xampp\htdocs\my_app_name\vendor\cakephp\cakephp\src\Http\BaseApplication.php:313
- C:\xampp\htdocs\my_app_name\vendor\cakephp\cakephp\src\Http\Runner.php:77
- C:\xampp\htdocs\my_app_name\vendor\cakephp\cakephp\src\Http\Middleware\CsrfProtectionMiddleware.php:169
- C:\xampp\htdocs\my_app_name\vendor\cakephp\cakephp\src\Http\Runner.php:73
- C:\xampp\htdocs\my_app_name\vendor\cakephp\cakephp\src\Http\Middleware\BodyParserMiddleware.php:159
- C:\xampp\htdocs\my_app_name\vendor\cakephp\cakephp\src\Http\Runner.php:73
- C:\xampp\htdocs\my_app_name\vendor\cakephp\cakephp\src\Routing\Middleware\RoutingMiddleware.php:161
- C:\xampp\htdocs\my_app_name\vendor\cakephp\cakephp\src\Http\Runner.php:73
- C:\xampp\htdocs\my_app_name\vendor\cakephp\cakephp\src\Routing\Middleware\AssetMiddleware.php:68
- C:\xampp\htdocs\my_app_name\vendor\cakephp\cakephp\src\Http\Runner.php:73
- C:\xampp\htdocs\my_app_name\vendor\cakephp\cakephp\src\Error\Middleware\ErrorHandlerMiddleware.php:126
- C:\xampp\htdocs\my_app_name\vendor\cakephp\cakephp\src\Http\Runner.php:73
- C:\xampp\htdocs\my_app_name\vendor\cakephp\debug_kit\src\Middleware\DebugKitMiddleware.php:60
- C:\xampp\htdocs\my_app_name\vendor\cakephp\cakephp\src\Http\Runner.php:73
- C:\xampp\htdocs\my_app_name\vendor\cakephp\cakephp\src\Http\Runner.php:58
- C:\xampp\htdocs\my_app_name\vendor\cakephp\cakephp\src\Http\Server.php:90
- C:\xampp\htdocs\my_app_name\webroot\index.php:40

Request URL: /articles/index


2021-04-14 04:18:07 Error: [Cake\ORM\Exception\MissingTableClassException] Table class for alias `Articles` could not be found. in C:\xampp\htdocs\my_app_name\vendor\cakephp\cakephp\src\ORM\Locator\TableLocator.php on line 245
Exception Attributes: array (
  0 => 'for alias `Articles`',
)
Stack Trace:
- C:\xampp\htdocs\my_app_name\vendor\cakephp\cakephp\src\Datasource\Locator\AbstractLocator.php:62
- C:\xampp\htdocs\my_app_name\vendor\cakephp\cakephp\src\ORM\Locator\TableLocator.php:205
- C:\xampp\htdocs\my_app_name\vendor\cakephp\cakephp\src\Datasource\ModelAwareTrait.php:124
- C:\xampp\htdocs\my_app_name\vendor\cakephp\cakephp\src\Controller\Controller.php:307
- C:\xampp\htdocs\my_app_name\src\Controller\ArticlesController.php:8
- C:\xampp\htdocs\my_app_name\vendor\cakephp\cakephp\src\Controller\Controller.php:531
- C:\xampp\htdocs\my_app_name\vendor\cakephp\cakephp\src\Controller\ControllerFactory.php:151
- C:\xampp\htdocs\my_app_name\vendor\cakephp\cakephp\src\Http\BaseApplication.php:313
- C:\xampp\htdocs\my_app_name\vendor\cakephp\cakephp\src\Http\Runner.php:77
- C:\xampp\htdocs\my_app_name\vendor\cakephp\cakephp\src\Http\Middleware\CsrfProtectionMiddleware.php:169
- C:\xampp\htdocs\my_app_name\vendor\cakephp\cakephp\src\Http\Runner.php:73
- C:\xampp\htdocs\my_app_name\vendor\cakephp\cakephp\src\Http\Middleware\BodyParserMiddleware.php:159
- C:\xampp\htdocs\my_app_name\vendor\cakephp\cakephp\src\Http\Runner.php:73
- C:\xampp\htdocs\my_app_name\vendor\cakephp\cakephp\src\Routing\Middleware\RoutingMiddleware.php:161
- C:\xampp\htdocs\my_app_name\vendor\cakephp\cakephp\src\Http\Runner.php:73
- C:\xampp\htdocs\my_app_name\vendor\cakephp\cakephp\src\Routing\Middleware\AssetMiddleware.php:68
- C:\xampp\htdocs\my_app_name\vendor\cakephp\cakephp\src\Http\Runner.php:73
- C:\xampp\htdocs\my_app_name\vendor\cakephp\cakephp\src\Error\Middleware\ErrorHandlerMiddleware.php:126
- C:\xampp\htdocs\my_app_name\vendor\cakephp\cakephp\src\Http\Runner.php:73
- C:\xampp\htdocs\my_app_name\vendor\cakephp\debug_kit\src\Middleware\DebugKitMiddleware.php:60
- C:\xampp\htdocs\my_app_name\vendor\cakephp\cakephp\src\Http\Runner.php:73
- C:\xampp\htdocs\my_app_name\vendor\cakephp\cakephp\src\Http\Runner.php:58
- C:\xampp\htdocs\my_app_name\vendor\cakephp\cakephp\src\Http\Server.php:90
- C:\xampp\htdocs\my_app_name\webroot\index.php:40

Request URL: /articles/index


2021-04-14 04:19:04 Error: [Cake\ORM\Exception\MissingTableClassException] Table class for alias `Articles` could not be found. in C:\xampp\htdocs\my_app_name\vendor\cakephp\cakephp\src\ORM\Locator\TableLocator.php on line 245
Exception Attributes: array (
  0 => 'for alias `Articles`',
)
Stack Trace:
- C:\xampp\htdocs\my_app_name\vendor\cakephp\cakephp\src\Datasource\Locator\AbstractLocator.php:62
- C:\xampp\htdocs\my_app_name\vendor\cakephp\cakephp\src\ORM\Locator\TableLocator.php:205
- C:\xampp\htdocs\my_app_name\vendor\cakephp\cakephp\src\Datasource\ModelAwareTrait.php:124
- C:\xampp\htdocs\my_app_name\vendor\cakephp\cakephp\src\Controller\Controller.php:307
- C:\xampp\htdocs\my_app_name\src\Controller\ArticlesController.php:8
- C:\xampp\htdocs\my_app_name\vendor\cakephp\cakephp\src\Controller\Controller.php:531
- C:\xampp\htdocs\my_app_name\vendor\cakephp\cakephp\src\Controller\ControllerFactory.php:151
- C:\xampp\htdocs\my_app_name\vendor\cakephp\cakephp\src\Http\BaseApplication.php:313
- C:\xampp\htdocs\my_app_name\vendor\cakephp\cakephp\src\Http\Runner.php:77
- C:\xampp\htdocs\my_app_name\vendor\cakephp\cakephp\src\Http\Middleware\CsrfProtectionMiddleware.php:169
- C:\xampp\htdocs\my_app_name\vendor\cakephp\cakephp\src\Http\Runner.php:73
- C:\xampp\htdocs\my_app_name\vendor\cakephp\cakephp\src\Http\Middleware\BodyParserMiddleware.php:159
- C:\xampp\htdocs\my_app_name\vendor\cakephp\cakephp\src\Http\Runner.php:73
- C:\xampp\htdocs\my_app_name\vendor\cakephp\cakephp\src\Routing\Middleware\RoutingMiddleware.php:161
- C:\xampp\htdocs\my_app_name\vendor\cakephp\cakephp\src\Http\Runner.php:73
- C:\xampp\htdocs\my_app_name\vendor\cakephp\cakephp\src\Routing\Middleware\AssetMiddleware.php:68
- C:\xampp\htdocs\my_app_name\vendor\cakephp\cakephp\src\Http\Runner.php:73
- C:\xampp\htdocs\my_app_name\vendor\cakephp\cakephp\src\Error\Middleware\ErrorHandlerMiddleware.php:126
- C:\xampp\htdocs\my_app_name\vendor\cakephp\cakephp\src\Http\Runner.php:73
- C:\xampp\htdocs\my_app_name\vendor\cakephp\debug_kit\src\Middleware\DebugKitMiddleware.php:60
- C:\xampp\htdocs\my_app_name\vendor\cakephp\cakephp\src\Http\Runner.php:73
- C:\xampp\htdocs\my_app_name\vendor\cakephp\cakephp\src\Http\Runner.php:58
- C:\xampp\htdocs\my_app_name\vendor\cakephp\cakephp\src\Http\Server.php:90
- C:\xampp\htdocs\my_app_name\webroot\index.php:40

Request URL: /articles/index


2021-04-14 04:19:08 Error: [Cake\ORM\Exception\MissingTableClassException] Table class for alias `Articles` could not be found. in C:\xampp\htdocs\my_app_name\vendor\cakephp\cakephp\src\ORM\Locator\TableLocator.php on line 245
Exception Attributes: array (
  0 => 'for alias `Articles`',
)
Stack Trace:
- C:\xampp\htdocs\my_app_name\vendor\cakephp\cakephp\src\Datasource\Locator\AbstractLocator.php:62
- C:\xampp\htdocs\my_app_name\vendor\cakephp\cakephp\src\ORM\Locator\TableLocator.php:205
- C:\xampp\htdocs\my_app_name\vendor\cakephp\cakephp\src\Datasource\ModelAwareTrait.php:124
- C:\xampp\htdocs\my_app_name\vendor\cakephp\cakephp\src\Controller\Controller.php:307
- C:\xampp\htdocs\my_app_name\src\Controller\ArticlesController.php:8
- C:\xampp\htdocs\my_app_name\vendor\cakephp\cakephp\src\Controller\Controller.php:531
- C:\xampp\htdocs\my_app_name\vendor\cakephp\cakephp\src\Controller\ControllerFactory.php:151
- C:\xampp\htdocs\my_app_name\vendor\cakephp\cakephp\src\Http\BaseApplication.php:313
- C:\xampp\htdocs\my_app_name\vendor\cakephp\cakephp\src\Http\Runner.php:77
- C:\xampp\htdocs\my_app_name\vendor\cakephp\cakephp\src\Http\Middleware\CsrfProtectionMiddleware.php:169
- C:\xampp\htdocs\my_app_name\vendor\cakephp\cakephp\src\Http\Runner.php:73
- C:\xampp\htdocs\my_app_name\vendor\cakephp\cakephp\src\Http\Middleware\BodyParserMiddleware.php:159
- C:\xampp\htdocs\my_app_name\vendor\cakephp\cakephp\src\Http\Runner.php:73
- C:\xampp\htdocs\my_app_name\vendor\cakephp\cakephp\src\Routing\Middleware\RoutingMiddleware.php:161
- C:\xampp\htdocs\my_app_name\vendor\cakephp\cakephp\src\Http\Runner.php:73
- C:\xampp\htdocs\my_app_name\vendor\cakephp\cakephp\src\Routing\Middleware\AssetMiddleware.php:68
- C:\xampp\htdocs\my_app_name\vendor\cakephp\cakephp\src\Http\Runner.php:73
- C:\xampp\htdocs\my_app_name\vendor\cakephp\cakephp\src\Error\Middleware\ErrorHandlerMiddleware.php:126
- C:\xampp\htdocs\my_app_name\vendor\cakephp\cakephp\src\Http\Runner.php:73
- C:\xampp\htdocs\my_app_name\vendor\cakephp\debug_kit\src\Middleware\DebugKitMiddleware.php:60
- C:\xampp\htdocs\my_app_name\vendor\cakephp\cakephp\src\Http\Runner.php:73
- C:\xampp\htdocs\my_app_name\vendor\cakephp\cakephp\src\Http\Runner.php:58
- C:\xampp\htdocs\my_app_name\vendor\cakephp\cakephp\src\Http\Server.php:90
- C:\xampp\htdocs\my_app_name\webroot\index.php:40

Request URL: /articles/index


2021-04-14 14:41:28 Error: [Cake\ORM\Exception\MissingTableClassException] Table class for alias `Articles` could not be found. in C:\xampp\htdocs\my_app_name\vendor\cakephp\cakephp\src\ORM\Locator\TableLocator.php on line 245
Exception Attributes: array (
  0 => 'for alias `Articles`',
)
Stack Trace:
- C:\xampp\htdocs\my_app_name\vendor\cakephp\cakephp\src\Datasource\Locator\AbstractLocator.php:62
- C:\xampp\htdocs\my_app_name\vendor\cakephp\cakephp\src\ORM\Locator\TableLocator.php:205
- C:\xampp\htdocs\my_app_name\vendor\cakephp\cakephp\src\Datasource\ModelAwareTrait.php:124
- C:\xampp\htdocs\my_app_name\vendor\cakephp\cakephp\src\Controller\Controller.php:307
- C:\xampp\htdocs\my_app_name\src\Controller\ArticlesController.php:8
- C:\xampp\htdocs\my_app_name\vendor\cakephp\cakephp\src\Controller\Controller.php:531
- C:\xampp\htdocs\my_app_name\vendor\cakephp\cakephp\src\Controller\ControllerFactory.php:151
- C:\xampp\htdocs\my_app_name\vendor\cakephp\cakephp\src\Http\BaseApplication.php:313
- C:\xampp\htdocs\my_app_name\vendor\cakephp\cakephp\src\Http\Runner.php:77
- C:\xampp\htdocs\my_app_name\vendor\cakephp\cakephp\src\Http\Middleware\CsrfProtectionMiddleware.php:169
- C:\xampp\htdocs\my_app_name\vendor\cakephp\cakephp\src\Http\Runner.php:73
- C:\xampp\htdocs\my_app_name\vendor\cakephp\cakephp\src\Http\Middleware\BodyParserMiddleware.php:159
- C:\xampp\htdocs\my_app_name\vendor\cakephp\cakephp\src\Http\Runner.php:73
- C:\xampp\htdocs\my_app_name\vendor\cakephp\cakephp\src\Routing\Middleware\RoutingMiddleware.php:161
- C:\xampp\htdocs\my_app_name\vendor\cakephp\cakephp\src\Http\Runner.php:73
- C:\xampp\htdocs\my_app_name\vendor\cakephp\cakephp\src\Routing\Middleware\AssetMiddleware.php:68
- C:\xampp\htdocs\my_app_name\vendor\cakephp\cakephp\src\Http\Runner.php:73
- C:\xampp\htdocs\my_app_name\vendor\cakephp\cakephp\src\Error\Middleware\ErrorHandlerMiddleware.php:126
- C:\xampp\htdocs\my_app_name\vendor\cakephp\cakephp\src\Http\Runner.php:73
- C:\xampp\htdocs\my_app_name\vendor\cakephp\debug_kit\src\Middleware\DebugKitMiddleware.php:60
- C:\xampp\htdocs\my_app_name\vendor\cakephp\cakephp\src\Http\Runner.php:73
- C:\xampp\htdocs\my_app_name\vendor\cakephp\cakephp\src\Http\Runner.php:58
- C:\xampp\htdocs\my_app_name\vendor\cakephp\cakephp\src\Http\Server.php:90
- C:\xampp\htdocs\my_app_name\webroot\index.php:40

Request URL: /articles/index


2021-04-14 14:43:07 Error: [Cake\ORM\Exception\MissingTableClassException] Table class for alias `Articles` could not be found. in C:\xampp\htdocs\my_app_name\vendor\cakephp\cakephp\src\ORM\Locator\TableLocator.php on line 245
Exception Attributes: array (
  0 => 'for alias `Articles`',
)
Stack Trace:
- C:\xampp\htdocs\my_app_name\vendor\cakephp\cakephp\src\Datasource\Locator\AbstractLocator.php:62
- C:\xampp\htdocs\my_app_name\vendor\cakephp\cakephp\src\ORM\Locator\TableLocator.php:205
- C:\xampp\htdocs\my_app_name\vendor\cakephp\cakephp\src\Datasource\ModelAwareTrait.php:124
- C:\xampp\htdocs\my_app_name\vendor\cakephp\cakephp\src\Controller\Controller.php:307
- C:\xampp\htdocs\my_app_name\src\Controller\ArticlesController.php:8
- C:\xampp\htdocs\my_app_name\vendor\cakephp\cakephp\src\Controller\Controller.php:531
- C:\xampp\htdocs\my_app_name\vendor\cakephp\cakephp\src\Controller\ControllerFactory.php:151
- C:\xampp\htdocs\my_app_name\vendor\cakephp\cakephp\src\Http\BaseApplication.php:313
- C:\xampp\htdocs\my_app_name\vendor\cakephp\cakephp\src\Http\Runner.php:77
- C:\xampp\htdocs\my_app_name\vendor\cakephp\cakephp\src\Http\Middleware\CsrfProtectionMiddleware.php:169
- C:\xampp\htdocs\my_app_name\vendor\cakephp\cakephp\src\Http\Runner.php:73
- C:\xampp\htdocs\my_app_name\vendor\cakephp\cakephp\src\Http\Middleware\BodyParserMiddleware.php:159
- C:\xampp\htdocs\my_app_name\vendor\cakephp\cakephp\src\Http\Runner.php:73
- C:\xampp\htdocs\my_app_name\vendor\cakephp\cakephp\src\Routing\Middleware\RoutingMiddleware.php:161
- C:\xampp\htdocs\my_app_name\vendor\cakephp\cakephp\src\Http\Runner.php:73
- C:\xampp\htdocs\my_app_name\vendor\cakephp\cakephp\src\Routing\Middleware\AssetMiddleware.php:68
- C:\xampp\htdocs\my_app_name\vendor\cakephp\cakephp\src\Http\Runner.php:73
- C:\xampp\htdocs\my_app_name\vendor\cakephp\cakephp\src\Error\Middleware\ErrorHandlerMiddleware.php:126
- C:\xampp\htdocs\my_app_name\vendor\cakephp\cakephp\src\Http\Runner.php:73
- C:\xampp\htdocs\my_app_name\vendor\cakephp\debug_kit\src\Middleware\DebugKitMiddleware.php:60
- C:\xampp\htdocs\my_app_name\vendor\cakephp\cakephp\src\Http\Runner.php:73
- C:\xampp\htdocs\my_app_name\vendor\cakephp\cakephp\src\Http\Runner.php:58
- C:\xampp\htdocs\my_app_name\vendor\cakephp\cakephp\src\Http\Server.php:90
- C:\xampp\htdocs\my_app_name\webroot\index.php:40

Request URL: /articles/index


2021-04-14 14:44:23 Error: [Cake\ORM\Exception\MissingTableClassException] Table class for alias `Articles` could not be found. in C:\xampp\htdocs\my_app_name\vendor\cakephp\cakephp\src\ORM\Locator\TableLocator.php on line 245
Exception Attributes: array (
  0 => 'for alias `Articles`',
)
Stack Trace:
- C:\xampp\htdocs\my_app_name\vendor\cakephp\cakephp\src\Datasource\Locator\AbstractLocator.php:62
- C:\xampp\htdocs\my_app_name\vendor\cakephp\cakephp\src\ORM\Locator\TableLocator.php:205
- C:\xampp\htdocs\my_app_name\vendor\cakephp\cakephp\src\Datasource\ModelAwareTrait.php:124
- C:\xampp\htdocs\my_app_name\vendor\cakephp\cakephp\src\Controller\Controller.php:307
- C:\xampp\htdocs\my_app_name\src\Controller\ArticlesController.php:8
- C:\xampp\htdocs\my_app_name\vendor\cakephp\cakephp\src\Controller\Controller.php:531
- C:\xampp\htdocs\my_app_name\vendor\cakephp\cakephp\src\Controller\ControllerFactory.php:151
- C:\xampp\htdocs\my_app_name\vendor\cakephp\cakephp\src\Http\BaseApplication.php:313
- C:\xampp\htdocs\my_app_name\vendor\cakephp\cakephp\src\Http\Runner.php:77
- C:\xampp\htdocs\my_app_name\vendor\cakephp\cakephp\src\Http\Middleware\CsrfProtectionMiddleware.php:169
- C:\xampp\htdocs\my_app_name\vendor\cakephp\cakephp\src\Http\Runner.php:73
- C:\xampp\htdocs\my_app_name\vendor\cakephp\cakephp\src\Http\Middleware\BodyParserMiddleware.php:159
- C:\xampp\htdocs\my_app_name\vendor\cakephp\cakephp\src\Http\Runner.php:73
- C:\xampp\htdocs\my_app_name\vendor\cakephp\cakephp\src\Routing\Middleware\RoutingMiddleware.php:161
- C:\xampp\htdocs\my_app_name\vendor\cakephp\cakephp\src\Http\Runner.php:73
- C:\xampp\htdocs\my_app_name\vendor\cakephp\cakephp\src\Routing\Middleware\AssetMiddleware.php:68
- C:\xampp\htdocs\my_app_name\vendor\cakephp\cakephp\src\Http\Runner.php:73
- C:\xampp\htdocs\my_app_name\vendor\cakephp\cakephp\src\Error\Middleware\ErrorHandlerMiddleware.php:126
- C:\xampp\htdocs\my_app_name\vendor\cakephp\cakephp\src\Http\Runner.php:73
- C:\xampp\htdocs\my_app_name\vendor\cakephp\debug_kit\src\Middleware\DebugKitMiddleware.php:60
- C:\xampp\htdocs\my_app_name\vendor\cakephp\cakephp\src\Http\Runner.php:73
- C:\xampp\htdocs\my_app_name\vendor\cakephp\cakephp\src\Http\Runner.php:58
- C:\xampp\htdocs\my_app_name\vendor\cakephp\cakephp\src\Http\Server.php:90
- C:\xampp\htdocs\my_app_name\webroot\index.php:40

Request URL: /articles/index


2021-04-14 14:46:32 Error: [Cake\ORM\Exception\MissingTableClassException] Table class for alias `Articles` could not be found. in C:\xampp\htdocs\my_app_name\vendor\cakephp\cakephp\src\ORM\Locator\TableLocator.php on line 245
Exception Attributes: array (
  0 => 'for alias `Articles`',
)
Stack Trace:
- C:\xampp\htdocs\my_app_name\vendor\cakephp\cakephp\src\Datasource\Locator\AbstractLocator.php:62
- C:\xampp\htdocs\my_app_name\vendor\cakephp\cakephp\src\ORM\Locator\TableLocator.php:205
- C:\xampp\htdocs\my_app_name\vendor\cakephp\cakephp\src\Datasource\ModelAwareTrait.php:124
- C:\xampp\htdocs\my_app_name\vendor\cakephp\cakephp\src\Controller\Controller.php:307
- C:\xampp\htdocs\my_app_name\src\Controller\ArticlesController.php:8
- C:\xampp\htdocs\my_app_name\vendor\cakephp\cakephp\src\Controller\Controller.php:531
- C:\xampp\htdocs\my_app_name\vendor\cakephp\cakephp\src\Controller\ControllerFactory.php:151
- C:\xampp\htdocs\my_app_name\vendor\cakephp\cakephp\src\Http\BaseApplication.php:313
- C:\xampp\htdocs\my_app_name\vendor\cakephp\cakephp\src\Http\Runner.php:77
- C:\xampp\htdocs\my_app_name\vendor\cakephp\cakephp\src\Http\Middleware\CsrfProtectionMiddleware.php:169
- C:\xampp\htdocs\my_app_name\vendor\cakephp\cakephp\src\Http\Runner.php:73
- C:\xampp\htdocs\my_app_name\vendor\cakephp\cakephp\src\Http\Middleware\BodyParserMiddleware.php:159
- C:\xampp\htdocs\my_app_name\vendor\cakephp\cakephp\src\Http\Runner.php:73
- C:\xampp\htdocs\my_app_name\vendor\cakephp\cakephp\src\Routing\Middleware\RoutingMiddleware.php:161
- C:\xampp\htdocs\my_app_name\vendor\cakephp\cakephp\src\Http\Runner.php:73
- C:\xampp\htdocs\my_app_name\vendor\cakephp\cakephp\src\Routing\Middleware\AssetMiddleware.php:68
- C:\xampp\htdocs\my_app_name\vendor\cakephp\cakephp\src\Http\Runner.php:73
- C:\xampp\htdocs\my_app_name\vendor\cakephp\cakephp\src\Error\Middleware\ErrorHandlerMiddleware.php:126
- C:\xampp\htdocs\my_app_name\vendor\cakephp\cakephp\src\Http\Runner.php:73
- C:\xampp\htdocs\my_app_name\vendor\cakephp\debug_kit\src\Middleware\DebugKitMiddleware.php:60
- C:\xampp\htdocs\my_app_name\vendor\cakephp\cakephp\src\Http\Runner.php:73
- C:\xampp\htdocs\my_app_name\vendor\cakephp\cakephp\src\Http\Runner.php:58
- C:\xampp\htdocs\my_app_name\vendor\cakephp\cakephp\src\Http\Server.php:90
- C:\xampp\htdocs\my_app_name\webroot\index.php:40

Request URL: /articles/index


2021-04-14 14:47:48 Error: [Cake\ORM\Exception\MissingTableClassException] Table class for alias `Articles` could not be found. in C:\xampp\htdocs\my_app_name\vendor\cakephp\cakephp\src\ORM\Locator\TableLocator.php on line 245
Exception Attributes: array (
  0 => 'for alias `Articles`',
)
Stack Trace:
- C:\xampp\htdocs\my_app_name\vendor\cakephp\cakephp\src\Datasource\Locator\AbstractLocator.php:62
- C:\xampp\htdocs\my_app_name\vendor\cakephp\cakephp\src\ORM\Locator\TableLocator.php:205
- C:\xampp\htdocs\my_app_name\vendor\cakephp\cakephp\src\Datasource\ModelAwareTrait.php:124
- C:\xampp\htdocs\my_app_name\vendor\cakephp\cakephp\src\Controller\Controller.php:307
- C:\xampp\htdocs\my_app_name\src\Controller\ArticlesController.php:9
- C:\xampp\htdocs\my_app_name\vendor\cakephp\cakephp\src\Controller\Controller.php:531
- C:\xampp\htdocs\my_app_name\vendor\cakephp\cakephp\src\Controller\ControllerFactory.php:151
- C:\xampp\htdocs\my_app_name\vendor\cakephp\cakephp\src\Http\BaseApplication.php:313
- C:\xampp\htdocs\my_app_name\vendor\cakephp\cakephp\src\Http\Runner.php:77
- C:\xampp\htdocs\my_app_name\vendor\cakephp\cakephp\src\Http\Middleware\CsrfProtectionMiddleware.php:169
- C:\xampp\htdocs\my_app_name\vendor\cakephp\cakephp\src\Http\Runner.php:73
- C:\xampp\htdocs\my_app_name\vendor\cakephp\cakephp\src\Http\Middleware\BodyParserMiddleware.php:159
- C:\xampp\htdocs\my_app_name\vendor\cakephp\cakephp\src\Http\Runner.php:73
- C:\xampp\htdocs\my_app_name\vendor\cakephp\cakephp\src\Routing\Middleware\RoutingMiddleware.php:161
- C:\xampp\htdocs\my_app_name\vendor\cakephp\cakephp\src\Http\Runner.php:73
- C:\xampp\htdocs\my_app_name\vendor\cakephp\cakephp\src\Routing\Middleware\AssetMiddleware.php:68
- C:\xampp\htdocs\my_app_name\vendor\cakephp\cakephp\src\Http\Runner.php:73
- C:\xampp\htdocs\my_app_name\vendor\cakephp\cakephp\src\Error\Middleware\ErrorHandlerMiddleware.php:126
- C:\xampp\htdocs\my_app_name\vendor\cakephp\cakephp\src\Http\Runner.php:73
- C:\xampp\htdocs\my_app_name\vendor\cakephp\debug_kit\src\Middleware\DebugKitMiddleware.php:60
- C:\xampp\htdocs\my_app_name\vendor\cakephp\cakephp\src\Http\Runner.php:73
- C:\xampp\htdocs\my_app_name\vendor\cakephp\cakephp\src\Http\Runner.php:58
- C:\xampp\htdocs\my_app_name\vendor\cakephp\cakephp\src\Http\Server.php:90
- C:\xampp\htdocs\my_app_name\webroot\index.php:40

Request URL: /articles/index


2021-04-14 14:50:52 Error: [Cake\ORM\Exception\MissingTableClassException] Table class for alias `Articles` could not be found. in C:\xampp\htdocs\my_app_name\vendor\cakephp\cakephp\src\ORM\Locator\TableLocator.php on line 245
Exception Attributes: array (
  0 => 'for alias `Articles`',
)
Stack Trace:
- C:\xampp\htdocs\my_app_name\vendor\cakephp\cakephp\src\Datasource\Locator\AbstractLocator.php:62
- C:\xampp\htdocs\my_app_name\vendor\cakephp\cakephp\src\ORM\Locator\TableLocator.php:205
- C:\xampp\htdocs\my_app_name\vendor\cakephp\cakephp\src\Datasource\ModelAwareTrait.php:124
- C:\xampp\htdocs\my_app_name\vendor\cakephp\cakephp\src\Controller\Controller.php:307
- C:\xampp\htdocs\my_app_name\src\Controller\ArticlesController.php:9
- C:\xampp\htdocs\my_app_name\vendor\cakephp\cakephp\src\Controller\Controller.php:531
- C:\xampp\htdocs\my_app_name\vendor\cakephp\cakephp\src\Controller\ControllerFactory.php:151
- C:\xampp\htdocs\my_app_name\vendor\cakephp\cakephp\src\Http\BaseApplication.php:313
- C:\xampp\htdocs\my_app_name\vendor\cakephp\cakephp\src\Http\Runner.php:77
- C:\xampp\htdocs\my_app_name\vendor\cakephp\cakephp\src\Http\Middleware\CsrfProtectionMiddleware.php:169
- C:\xampp\htdocs\my_app_name\vendor\cakephp\cakephp\src\Http\Runner.php:73
- C:\xampp\htdocs\my_app_name\vendor\cakephp\cakephp\src\Http\Middleware\BodyParserMiddleware.php:159
- C:\xampp\htdocs\my_app_name\vendor\cakephp\cakephp\src\Http\Runner.php:73
- C:\xampp\htdocs\my_app_name\vendor\cakephp\cakephp\src\Routing\Middleware\RoutingMiddleware.php:161
- C:\xampp\htdocs\my_app_name\vendor\cakephp\cakephp\src\Http\Runner.php:73
- C:\xampp\htdocs\my_app_name\vendor\cakephp\cakephp\src\Routing\Middleware\AssetMiddleware.php:68
- C:\xampp\htdocs\my_app_name\vendor\cakephp\cakephp\src\Http\Runner.php:73
- C:\xampp\htdocs\my_app_name\vendor\cakephp\cakephp\src\Error\Middleware\ErrorHandlerMiddleware.php:126
- C:\xampp\htdocs\my_app_name\vendor\cakephp\cakephp\src\Http\Runner.php:73
- C:\xampp\htdocs\my_app_name\vendor\cakephp\debug_kit\src\Middleware\DebugKitMiddleware.php:60
- C:\xampp\htdocs\my_app_name\vendor\cakephp\cakephp\src\Http\Runner.php:73
- C:\xampp\htdocs\my_app_name\vendor\cakephp\cakephp\src\Http\Runner.php:58
- C:\xampp\htdocs\my_app_name\vendor\cakephp\cakephp\src\Http\Server.php:90
- C:\xampp\htdocs\my_app_name\webroot\index.php:40

Request URL: /articles/index


2021-04-14 14:54:00 Error: [Cake\ORM\Exception\MissingTableClassException] Table class for alias `Articles` could not be found. in C:\xampp\htdocs\my_app_name\vendor\cakephp\cakephp\src\ORM\Locator\TableLocator.php on line 245
Exception Attributes: array (
  0 => 'for alias `Articles`',
)
Stack Trace:
- C:\xampp\htdocs\my_app_name\vendor\cakephp\cakephp\src\Datasource\Locator\AbstractLocator.php:62
- C:\xampp\htdocs\my_app_name\vendor\cakephp\cakephp\src\ORM\Locator\TableLocator.php:205
- C:\xampp\htdocs\my_app_name\vendor\cakephp\cakephp\src\Datasource\ModelAwareTrait.php:124
- C:\xampp\htdocs\my_app_name\vendor\cakephp\cakephp\src\Controller\Controller.php:307
- C:\xampp\htdocs\my_app_name\src\Controller\ArticlesController.php:9
- C:\xampp\htdocs\my_app_name\vendor\cakephp\cakephp\src\Controller\Controller.php:531
- C:\xampp\htdocs\my_app_name\vendor\cakephp\cakephp\src\Controller\ControllerFactory.php:151
- C:\xampp\htdocs\my_app_name\vendor\cakephp\cakephp\src\Http\BaseApplication.php:313
- C:\xampp\htdocs\my_app_name\vendor\cakephp\cakephp\src\Http\Runner.php:77
- C:\xampp\htdocs\my_app_name\vendor\cakephp\cakephp\src\Http\Middleware\CsrfProtectionMiddleware.php:169
- C:\xampp\htdocs\my_app_name\vendor\cakephp\cakephp\src\Http\Runner.php:73
- C:\xampp\htdocs\my_app_name\vendor\cakephp\cakephp\src\Http\Middleware\BodyParserMiddleware.php:159
- C:\xampp\htdocs\my_app_name\vendor\cakephp\cakephp\src\Http\Runner.php:73
- C:\xampp\htdocs\my_app_name\vendor\cakephp\cakephp\src\Routing\Middleware\RoutingMiddleware.php:161
- C:\xampp\htdocs\my_app_name\vendor\cakephp\cakephp\src\Http\Runner.php:73
- C:\xampp\htdocs\my_app_name\vendor\cakephp\cakephp\src\Routing\Middleware\AssetMiddleware.php:68
- C:\xampp\htdocs\my_app_name\vendor\cakephp\cakephp\src\Http\Runner.php:73
- C:\xampp\htdocs\my_app_name\vendor\cakephp\cakephp\src\Error\Middleware\ErrorHandlerMiddleware.php:126
- C:\xampp\htdocs\my_app_name\vendor\cakephp\cakephp\src\Http\Runner.php:73
- C:\xampp\htdocs\my_app_name\vendor\cakephp\debug_kit\src\Middleware\DebugKitMiddleware.php:60
- C:\xampp\htdocs\my_app_name\vendor\cakephp\cakephp\src\Http\Runner.php:73
- C:\xampp\htdocs\my_app_name\vendor\cakephp\cakephp\src\Http\Runner.php:58
- C:\xampp\htdocs\my_app_name\vendor\cakephp\cakephp\src\Http\Server.php:90
- C:\xampp\htdocs\my_app_name\webroot\index.php:40

Request URL: /articles/index


2021-04-14 14:54:23 Error: [Cake\ORM\Exception\MissingTableClassException] Table class for alias `Articles` could not be found. in C:\xampp\htdocs\my_app_name\vendor\cakephp\cakephp\src\ORM\Locator\TableLocator.php on line 245
Exception Attributes: array (
  0 => 'for alias `Articles`',
)
Stack Trace:
- C:\xampp\htdocs\my_app_name\vendor\cakephp\cakephp\src\Datasource\Locator\AbstractLocator.php:62
- C:\xampp\htdocs\my_app_name\vendor\cakephp\cakephp\src\ORM\Locator\TableLocator.php:205
- C:\xampp\htdocs\my_app_name\vendor\cakephp\cakephp\src\Datasource\ModelAwareTrait.php:124
- C:\xampp\htdocs\my_app_name\vendor\cakephp\cakephp\src\Controller\Controller.php:307
- C:\xampp\htdocs\my_app_name\src\Controller\ArticlesController.php:9
- C:\xampp\htdocs\my_app_name\vendor\cakephp\cakephp\src\Controller\Controller.php:531
- C:\xampp\htdocs\my_app_name\vendor\cakephp\cakephp\src\Controller\ControllerFactory.php:151
- C:\xampp\htdocs\my_app_name\vendor\cakephp\cakephp\src\Http\BaseApplication.php:313
- C:\xampp\htdocs\my_app_name\vendor\cakephp\cakephp\src\Http\Runner.php:77
- C:\xampp\htdocs\my_app_name\vendor\cakephp\cakephp\src\Http\Middleware\CsrfProtectionMiddleware.php:169
- C:\xampp\htdocs\my_app_name\vendor\cakephp\cakephp\src\Http\Runner.php:73
- C:\xampp\htdocs\my_app_name\vendor\cakephp\cakephp\src\Http\Middleware\BodyParserMiddleware.php:159
- C:\xampp\htdocs\my_app_name\vendor\cakephp\cakephp\src\Http\Runner.php:73
- C:\xampp\htdocs\my_app_name\vendor\cakephp\cakephp\src\Routing\Middleware\RoutingMiddleware.php:161
- C:\xampp\htdocs\my_app_name\vendor\cakephp\cakephp\src\Http\Runner.php:73
- C:\xampp\htdocs\my_app_name\vendor\cakephp\cakephp\src\Routing\Middleware\AssetMiddleware.php:68
- C:\xampp\htdocs\my_app_name\vendor\cakephp\cakephp\src\Http\Runner.php:73
- C:\xampp\htdocs\my_app_name\vendor\cakephp\cakephp\src\Error\Middleware\ErrorHandlerMiddleware.php:126
- C:\xampp\htdocs\my_app_name\vendor\cakephp\cakephp\src\Http\Runner.php:73
- C:\xampp\htdocs\my_app_name\vendor\cakephp\debug_kit\src\Middleware\DebugKitMiddleware.php:60
- C:\xampp\htdocs\my_app_name\vendor\cakephp\cakephp\src\Http\Runner.php:73
- C:\xampp\htdocs\my_app_name\vendor\cakephp\cakephp\src\Http\Runner.php:58
- C:\xampp\htdocs\my_app_name\vendor\cakephp\cakephp\src\Http\Server.php:90
- C:\xampp\htdocs\my_app_name\webroot\index.php:40

Request URL: /articles/index


2021-04-14 14:54:30 Error: [Cake\ORM\Exception\MissingTableClassException] Table class for alias `Articles` could not be found. in C:\xampp\htdocs\my_app_name\vendor\cakephp\cakephp\src\ORM\Locator\TableLocator.php on line 245
Exception Attributes: array (
  0 => 'for alias `Articles`',
)
Stack Trace:
- C:\xampp\htdocs\my_app_name\vendor\cakephp\cakephp\src\Datasource\Locator\AbstractLocator.php:62
- C:\xampp\htdocs\my_app_name\vendor\cakephp\cakephp\src\ORM\Locator\TableLocator.php:205
- C:\xampp\htdocs\my_app_name\vendor\cakephp\cakephp\src\Datasource\ModelAwareTrait.php:124
- C:\xampp\htdocs\my_app_name\vendor\cakephp\cakephp\src\Controller\Controller.php:307
- C:\xampp\htdocs\my_app_name\src\Controller\ArticlesController.php:9
- C:\xampp\htdocs\my_app_name\vendor\cakephp\cakephp\src\Controller\Controller.php:531
- C:\xampp\htdocs\my_app_name\vendor\cakephp\cakephp\src\Controller\ControllerFactory.php:151
- C:\xampp\htdocs\my_app_name\vendor\cakephp\cakephp\src\Http\BaseApplication.php:313
- C:\xampp\htdocs\my_app_name\vendor\cakephp\cakephp\src\Http\Runner.php:77
- C:\xampp\htdocs\my_app_name\vendor\cakephp\cakephp\src\Http\Middleware\CsrfProtectionMiddleware.php:169
- C:\xampp\htdocs\my_app_name\vendor\cakephp\cakephp\src\Http\Runner.php:73
- C:\xampp\htdocs\my_app_name\vendor\cakephp\cakephp\src\Http\Middleware\BodyParserMiddleware.php:159
- C:\xampp\htdocs\my_app_name\vendor\cakephp\cakephp\src\Http\Runner.php:73
- C:\xampp\htdocs\my_app_name\vendor\cakephp\cakephp\src\Routing\Middleware\RoutingMiddleware.php:161
- C:\xampp\htdocs\my_app_name\vendor\cakephp\cakephp\src\Http\Runner.php:73
- C:\xampp\htdocs\my_app_name\vendor\cakephp\cakephp\src\Routing\Middleware\AssetMiddleware.php:68
- C:\xampp\htdocs\my_app_name\vendor\cakephp\cakephp\src\Http\Runner.php:73
- C:\xampp\htdocs\my_app_name\vendor\cakephp\cakephp\src\Error\Middleware\ErrorHandlerMiddleware.php:126
- C:\xampp\htdocs\my_app_name\vendor\cakephp\cakephp\src\Http\Runner.php:73
- C:\xampp\htdocs\my_app_name\vendor\cakephp\debug_kit\src\Middleware\DebugKitMiddleware.php:60
- C:\xampp\htdocs\my_app_name\vendor\cakephp\cakephp\src\Http\Runner.php:73
- C:\xampp\htdocs\my_app_name\vendor\cakephp\cakephp\src\Http\Runner.php:58
- C:\xampp\htdocs\my_app_name\vendor\cakephp\cakephp\src\Http\Server.php:90
- C:\xampp\htdocs\my_app_name\webroot\index.php:40

Request URL: /articles/index


2021-04-14 14:55:11 Error: [ParseError] syntax error, unexpected variable "$this" in C:\xampp\htdocs\my_app_name\src\Controller\ArticlesController.php on line 8
Stack Trace:
- C:\xampp\htdocs\my_app_name\vendor\composer\ClassLoader.php:346
- class_exists - [internal], line ??- C:\xampp\htdocs\my_app_name\vendor\cakephp\cakephp\src\Core\App.php:159
- C:\xampp\htdocs\my_app_name\vendor\cakephp\cakephp\src\Core\App.php:67
- C:\xampp\htdocs\my_app_name\vendor\cakephp\cakephp\src\Controller\ControllerFactory.php:217
- C:\xampp\htdocs\my_app_name\vendor\cakephp\cakephp\src\Controller\ControllerFactory.php:63
- C:\xampp\htdocs\my_app_name\vendor\cakephp\cakephp\src\Http\BaseApplication.php:311
- C:\xampp\htdocs\my_app_name\vendor\cakephp\cakephp\src\Http\Runner.php:77
- C:\xampp\htdocs\my_app_name\vendor\cakephp\cakephp\src\Http\Middleware\CsrfProtectionMiddleware.php:169
- C:\xampp\htdocs\my_app_name\vendor\cakephp\cakephp\src\Http\Runner.php:73
- C:\xampp\htdocs\my_app_name\vendor\cakephp\cakephp\src\Http\Middleware\BodyParserMiddleware.php:159
- C:\xampp\htdocs\my_app_name\vendor\cakephp\cakephp\src\Http\Runner.php:73
- C:\xampp\htdocs\my_app_name\vendor\cakephp\cakephp\src\Routing\Middleware\RoutingMiddleware.php:161
- C:\xampp\htdocs\my_app_name\vendor\cakephp\cakephp\src\Http\Runner.php:73
- C:\xampp\htdocs\my_app_name\vendor\cakephp\cakephp\src\Routing\Middleware\AssetMiddleware.php:68
- C:\xampp\htdocs\my_app_name\vendor\cakephp\cakephp\src\Http\Runner.php:73
- C:\xampp\htdocs\my_app_name\vendor\cakephp\cakephp\src\Error\Middleware\ErrorHandlerMiddleware.php:126
- C:\xampp\htdocs\my_app_name\vendor\cakephp\cakephp\src\Http\Runner.php:73
- C:\xampp\htdocs\my_app_name\vendor\cakephp\debug_kit\src\Middleware\DebugKitMiddleware.php:60
- C:\xampp\htdocs\my_app_name\vendor\cakephp\cakephp\src\Http\Runner.php:73
- C:\xampp\htdocs\my_app_name\vendor\cakephp\cakephp\src\Http\Runner.php:58
- C:\xampp\htdocs\my_app_name\vendor\cakephp\cakephp\src\Http\Server.php:90
- C:\xampp\htdocs\my_app_name\webroot\index.php:40

Request URL: /articles/index


2021-04-14 15:03:08 Error: [Cake\ORM\Exception\MissingTableClassException] Table class for alias `Articles` could not be found. in C:\xampp\htdocs\my_app_name\vendor\cakephp\cakephp\src\ORM\Locator\TableLocator.php on line 245
Exception Attributes: array (
  0 => 'for alias `Articles`',
)
Stack Trace:
- C:\xampp\htdocs\my_app_name\vendor\cakephp\cakephp\src\Datasource\Locator\AbstractLocator.php:62
- C:\xampp\htdocs\my_app_name\vendor\cakephp\cakephp\src\ORM\Locator\TableLocator.php:205
- C:\xampp\htdocs\my_app_name\vendor\cakephp\cakephp\src\Datasource\ModelAwareTrait.php:124
- C:\xampp\htdocs\my_app_name\vendor\cakephp\cakephp\src\Controller\Controller.php:307
- C:\xampp\htdocs\my_app_name\src\Controller\ArticlesController.php:9
- C:\xampp\htdocs\my_app_name\vendor\cakephp\cakephp\src\Controller\Controller.php:531
- C:\xampp\htdocs\my_app_name\vendor\cakephp\cakephp\src\Controller\ControllerFactory.php:151
- C:\xampp\htdocs\my_app_name\vendor\cakephp\cakephp\src\Http\BaseApplication.php:313
- C:\xampp\htdocs\my_app_name\vendor\cakephp\cakephp\src\Http\Runner.php:77
- C:\xampp\htdocs\my_app_name\vendor\cakephp\cakephp\src\Http\Middleware\CsrfProtectionMiddleware.php:169
- C:\xampp\htdocs\my_app_name\vendor\cakephp\cakephp\src\Http\Runner.php:73
- C:\xampp\htdocs\my_app_name\vendor\cakephp\cakephp\src\Http\Middleware\BodyParserMiddleware.php:159
- C:\xampp\htdocs\my_app_name\vendor\cakephp\cakephp\src\Http\Runner.php:73
- C:\xampp\htdocs\my_app_name\vendor\cakephp\cakephp\src\Routing\Middleware\RoutingMiddleware.php:161
- C:\xampp\htdocs\my_app_name\vendor\cakephp\cakephp\src\Http\Runner.php:73
- C:\xampp\htdocs\my_app_name\vendor\cakephp\cakephp\src\Routing\Middleware\AssetMiddleware.php:68
- C:\xampp\htdocs\my_app_name\vendor\cakephp\cakephp\src\Http\Runner.php:73
- C:\xampp\htdocs\my_app_name\vendor\cakephp\cakephp\src\Error\Middleware\ErrorHandlerMiddleware.php:126
- C:\xampp\htdocs\my_app_name\vendor\cakephp\cakephp\src\Http\Runner.php:73
- C:\xampp\htdocs\my_app_name\vendor\cakephp\debug_kit\src\Middleware\DebugKitMiddleware.php:60
- C:\xampp\htdocs\my_app_name\vendor\cakephp\cakephp\src\Http\Runner.php:73
- C:\xampp\htdocs\my_app_name\vendor\cakephp\cakephp\src\Http\Runner.php:58
- C:\xampp\htdocs\my_app_name\vendor\cakephp\cakephp\src\Http\Server.php:90
- C:\xampp\htdocs\my_app_name\webroot\index.php:40

Request URL: /articles/index


2021-04-14 15:04:51 Error: [Cake\View\Exception\MissingTemplateException] Template file `Articles\index.php` could not be found.

The following paths were searched:

- `C:\xampp\htdocs\my_app_name\templates\Articles\index.php`
- `C:\xampp\htdocs\my_app_name\vendor\cakephp\cakephp\templates\Articles\index.php`
 in Articles\index.php on line 1354
Exception Attributes: array (
  'file' => 'Articles\\index.php',
  'paths' => 
  array (
    0 => 'C:\\xampp\\htdocs\\my_app_name\\templates\\',
    1 => 'C:\\xampp\\htdocs\\my_app_name\\vendor\\cakephp\\cakephp\\templates\\',
  ),
)
Stack Trace:
- C:\xampp\htdocs\my_app_name\vendor\cakephp\cakephp\src\View\View.php:761
- C:\xampp\htdocs\my_app_name\vendor\cakephp\cakephp\src\Controller\Controller.php:699
- C:\xampp\htdocs\my_app_name\vendor\cakephp\cakephp\src\Controller\Controller.php:540
- C:\xampp\htdocs\my_app_name\vendor\cakephp\cakephp\src\Controller\ControllerFactory.php:151
- C:\xampp\htdocs\my_app_name\vendor\cakephp\cakephp\src\Http\BaseApplication.php:313
- C:\xampp\htdocs\my_app_name\vendor\cakephp\cakephp\src\Http\Runner.php:77
- C:\xampp\htdocs\my_app_name\vendor\cakephp\cakephp\src\Http\Middleware\CsrfProtectionMiddleware.php:169
- C:\xampp\htdocs\my_app_name\vendor\cakephp\cakephp\src\Http\Runner.php:73
- C:\xampp\htdocs\my_app_name\vendor\cakephp\cakephp\src\Http\Middleware\BodyParserMiddleware.php:159
- C:\xampp\htdocs\my_app_name\vendor\cakephp\cakephp\src\Http\Runner.php:73
- C:\xampp\htdocs\my_app_name\vendor\cakephp\cakephp\src\Routing\Middleware\RoutingMiddleware.php:161
- C:\xampp\htdocs\my_app_name\vendor\cakephp\cakephp\src\Http\Runner.php:73
- C:\xampp\htdocs\my_app_name\vendor\cakephp\cakephp\src\Routing\Middleware\AssetMiddleware.php:68
- C:\xampp\htdocs\my_app_name\vendor\cakephp\cakephp\src\Http\Runner.php:73
- C:\xampp\htdocs\my_app_name\vendor\cakephp\cakephp\src\Error\Middleware\ErrorHandlerMiddleware.php:126
- C:\xampp\htdocs\my_app_name\vendor\cakephp\cakephp\src\Http\Runner.php:73
- C:\xampp\htdocs\my_app_name\vendor\cakephp\debug_kit\src\Middleware\DebugKitMiddleware.php:60
- C:\xampp\htdocs\my_app_name\vendor\cakephp\cakephp\src\Http\Runner.php:73
- C:\xampp\htdocs\my_app_name\vendor\cakephp\cakephp\src\Http\Runner.php:58
- C:\xampp\htdocs\my_app_name\vendor\cakephp\cakephp\src\Http\Server.php:90
- C:\xampp\htdocs\my_app_name\webroot\index.php:40

Request URL: /articles/index


2021-04-14 15:11:32 Error: [Cake\Controller\Exception\MissingActionException] Action ArticlesController::view() could not be found, or is not accessible. in C:\xampp\htdocs\my_app_name\vendor\cakephp\cakephp\src\Controller\Controller.php on line 510
Exception Attributes: array (
  'controller' => 'ArticlesController',
  'action' => 'view',
  'prefix' => '',
  'plugin' => NULL,
)
Stack Trace:
- C:\xampp\htdocs\my_app_name\vendor\cakephp\cakephp\src\Controller\ControllerFactory.php:100
- C:\xampp\htdocs\my_app_name\vendor\cakephp\cakephp\src\Http\BaseApplication.php:313
- C:\xampp\htdocs\my_app_name\vendor\cakephp\cakephp\src\Http\Runner.php:77
- C:\xampp\htdocs\my_app_name\vendor\cakephp\cakephp\src\Http\Middleware\CsrfProtectionMiddleware.php:169
- C:\xampp\htdocs\my_app_name\vendor\cakephp\cakephp\src\Http\Runner.php:73
- C:\xampp\htdocs\my_app_name\vendor\cakephp\cakephp\src\Http\Middleware\BodyParserMiddleware.php:159
- C:\xampp\htdocs\my_app_name\vendor\cakephp\cakephp\src\Http\Runner.php:73
- C:\xampp\htdocs\my_app_name\vendor\cakephp\cakephp\src\Routing\Middleware\RoutingMiddleware.php:161
- C:\xampp\htdocs\my_app_name\vendor\cakephp\cakephp\src\Http\Runner.php:73
- C:\xampp\htdocs\my_app_name\vendor\cakephp\cakephp\src\Routing\Middleware\AssetMiddleware.php:68
- C:\xampp\htdocs\my_app_name\vendor\cakephp\cakephp\src\Http\Runner.php:73
- C:\xampp\htdocs\my_app_name\vendor\cakephp\cakephp\src\Error\Middleware\ErrorHandlerMiddleware.php:126
- C:\xampp\htdocs\my_app_name\vendor\cakephp\cakephp\src\Http\Runner.php:73
- C:\xampp\htdocs\my_app_name\vendor\cakephp\debug_kit\src\Middleware\DebugKitMiddleware.php:60
- C:\xampp\htdocs\my_app_name\vendor\cakephp\cakephp\src\Http\Runner.php:73
- C:\xampp\htdocs\my_app_name\vendor\cakephp\cakephp\src\Http\Runner.php:58
- C:\xampp\htdocs\my_app_name\vendor\cakephp\cakephp\src\Http\Server.php:90
- C:\xampp\htdocs\my_app_name\webroot\index.php:40

Request URL: /articles/view/first-post
Referer URL: http://localhost/my_app_name/articles/index


2021-04-14 15:19:56 Error: [Cake\Controller\Exception\MissingActionException] Action ArticlesController::view() could not be found, or is not accessible. in C:\xampp\htdocs\my_app_name\vendor\cakephp\cakephp\src\Controller\Controller.php on line 510
Exception Attributes: array (
  'controller' => 'ArticlesController',
  'action' => 'view',
  'prefix' => '',
  'plugin' => NULL,
)
Stack Trace:
- C:\xampp\htdocs\my_app_name\vendor\cakephp\cakephp\src\Controller\ControllerFactory.php:100
- C:\xampp\htdocs\my_app_name\vendor\cakephp\cakephp\src\Http\BaseApplication.php:313
- C:\xampp\htdocs\my_app_name\vendor\cakephp\cakephp\src\Http\Runner.php:77
- C:\xampp\htdocs\my_app_name\vendor\cakephp\cakephp\src\Http\Middleware\CsrfProtectionMiddleware.php:169
- C:\xampp\htdocs\my_app_name\vendor\cakephp\cakephp\src\Http\Runner.php:73
- C:\xampp\htdocs\my_app_name\vendor\cakephp\cakephp\src\Http\Middleware\BodyParserMiddleware.php:159
- C:\xampp\htdocs\my_app_name\vendor\cakephp\cakephp\src\Http\Runner.php:73
- C:\xampp\htdocs\my_app_name\vendor\cakephp\cakephp\src\Routing\Middleware\RoutingMiddleware.php:161
- C:\xampp\htdocs\my_app_name\vendor\cakephp\cakephp\src\Http\Runner.php:73
- C:\xampp\htdocs\my_app_name\vendor\cakephp\cakephp\src\Routing\Middleware\AssetMiddleware.php:68
- C:\xampp\htdocs\my_app_name\vendor\cakephp\cakephp\src\Http\Runner.php:73
- C:\xampp\htdocs\my_app_name\vendor\cakephp\cakephp\src\Error\Middleware\ErrorHandlerMiddleware.php:126
- C:\xampp\htdocs\my_app_name\vendor\cakephp\cakephp\src\Http\Runner.php:73
- C:\xampp\htdocs\my_app_name\vendor\cakephp\debug_kit\src\Middleware\DebugKitMiddleware.php:60
- C:\xampp\htdocs\my_app_name\vendor\cakephp\cakephp\src\Http\Runner.php:73
- C:\xampp\htdocs\my_app_name\vendor\cakephp\cakephp\src\Http\Runner.php:58
- C:\xampp\htdocs\my_app_name\vendor\cakephp\cakephp\src\Http\Server.php:90
- C:\xampp\htdocs\my_app_name\webroot\index.php:40

Request URL: /articles/view/first-post
Referer URL: http://localhost/my_app_name/articles/index


2021-04-14 15:39:28 Error: [Cake\Controller\Exception\MissingActionException] Action ArticlesController::view() could not be found, or is not accessible. in C:\xampp\htdocs\my_app_name\vendor\cakephp\cakephp\src\Controller\Controller.php on line 510
Exception Attributes: array (
  'controller' => 'ArticlesController',
  'action' => 'view',
  'prefix' => '',
  'plugin' => NULL,
)
Stack Trace:
- C:\xampp\htdocs\my_app_name\vendor\cakephp\cakephp\src\Controller\ControllerFactory.php:100
- C:\xampp\htdocs\my_app_name\vendor\cakephp\cakephp\src\Http\BaseApplication.php:313
- C:\xampp\htdocs\my_app_name\vendor\cakephp\cakephp\src\Http\Runner.php:77
- C:\xampp\htdocs\my_app_name\vendor\cakephp\cakephp\src\Http\Middleware\CsrfProtectionMiddleware.php:169
- C:\xampp\htdocs\my_app_name\vendor\cakephp\cakephp\src\Http\Runner.php:73
- C:\xampp\htdocs\my_app_name\vendor\cakephp\cakephp\src\Http\Middleware\BodyParserMiddleware.php:159
- C:\xampp\htdocs\my_app_name\vendor\cakephp\cakephp\src\Http\Runner.php:73
- C:\xampp\htdocs\my_app_name\vendor\cakephp\cakephp\src\Routing\Middleware\RoutingMiddleware.php:161
- C:\xampp\htdocs\my_app_name\vendor\cakephp\cakephp\src\Http\Runner.php:73
- C:\xampp\htdocs\my_app_name\vendor\cakephp\cakephp\src\Routing\Middleware\AssetMiddleware.php:68
- C:\xampp\htdocs\my_app_name\vendor\cakephp\cakephp\src\Http\Runner.php:73
- C:\xampp\htdocs\my_app_name\vendor\cakephp\cakephp\src\Error\Middleware\ErrorHandlerMiddleware.php:126
- C:\xampp\htdocs\my_app_name\vendor\cakephp\cakephp\src\Http\Runner.php:73
- C:\xampp\htdocs\my_app_name\vendor\cakephp\debug_kit\src\Middleware\DebugKitMiddleware.php:60
- C:\xampp\htdocs\my_app_name\vendor\cakephp\cakephp\src\Http\Runner.php:73
- C:\xampp\htdocs\my_app_name\vendor\cakephp\cakephp\src\Http\Runner.php:58
- C:\xampp\htdocs\my_app_name\vendor\cakephp\cakephp\src\Http\Server.php:90
- C:\xampp\htdocs\my_app_name\webroot\index.php:40

Request URL: /articles/view
Referer URL: http://localhost/my_app_name/articles


